2024-06-07 00:00:08,341 INFO toNotifyTaskSize = 0

2024-06-07 00:00:08,346 INFO toClientNotifyTaskSize = 0

2024-06-07 00:00:08,341 INFO groupCount = 0, subscriberClientCount = 0, subscriberCount = 0

2024-06-07 00:00:08,440 INFO [long-pulling] client count 0

2024-06-07 00:00:18,348 INFO toNotifyTaskSize = 0

2024-06-07 00:00:18,348 INFO toClientNotifyTaskSize = 0

2024-06-07 00:00:18,348 INFO groupCount = 0, subscriberClientCount = 0, subscriberCount = 0

2024-06-07 00:00:18,441 INFO [long-pulling] client count 0

2024-06-07 00:00:28,349 INFO toNotifyTaskSize = 0

2024-06-07 00:00:28,349 INFO groupCount = 0, subscriberClientCount = 0, subscriberCount = 0

2024-06-07 00:00:28,350 INFO toClientNotifyTaskSize = 0

2024-06-07 00:00:28,442 INFO [long-pulling] client count 0

2024-06-07 00:00:38,352 INFO groupCount = 0, subscriberClientCount = 0, subscriberCount = 0

2024-06-07 00:00:38,352 INFO toNotifyTaskSize = 0

2024-06-07 00:00:38,352 INFO toClientNotifyTaskSize = 0

2024-06-07 00:00:38,443 INFO [long-pulling] client count 0

2024-06-07 00:00:48,353 INFO groupCount = 0, subscriberClientCount = 0, subscriberCount = 0

2024-06-07 00:00:48,353 INFO toNotifyTaskSize = 0

2024-06-07 00:00:48,353 INFO toClientNotifyTaskSize = 0

2024-06-07 00:00:48,443 INFO [long-pulling] client count 0

2024-06-07 00:00:58,354 INFO groupCount = 0, subscriberClientCount = 0, subscriberCount = 0

2024-06-07 00:00:58,354 INFO toNotifyTaskSize = 0

2024-06-07 00:00:58,354 INFO toClientNotifyTaskSize = 0

2024-06-07 00:00:58,443 INFO [long-pulling] client count 0

2024-06-07 00:01:08,358 INFO toNotifyTaskSize = 0

2024-06-07 00:01:08,358 INFO toClientNotifyTaskSize = 0

2024-06-07 00:01:08,358 INFO groupCount = 0, subscriberClientCount = 0, subscriberCount = 0

2024-06-07 00:01:08,444 INFO [long-pulling] client count 0

2024-06-07 00:01:18,360 INFO toNotifyTaskSize = 0

2024-06-07 00:01:18,360 INFO toClientNotifyTaskSize = 0

2024-06-07 00:01:18,360 INFO groupCount = 0, subscriberClientCount = 0, subscriberCount = 0

2024-06-07 00:01:18,445 INFO [long-pulling] client count 0

2024-06-07 00:01:28,362 INFO toNotifyTaskSize = 0

2024-06-07 00:01:28,362 INFO groupCount = 0, subscriberClientCount = 0, subscriberCount = 0

2024-06-07 00:01:28,362 INFO toClientNotifyTaskSize = 0

2024-06-07 00:01:28,446 INFO [long-pulling] client count 0

2024-06-07 00:01:38,363 INFO groupCount = 0, subscriberClientCount = 0, subscriberCount = 0

2024-06-07 00:01:38,363 INFO toNotifyTaskSize = 0

2024-06-07 00:01:38,363 INFO toClientNotifyTaskSize = 0

2024-06-07 00:01:38,447 INFO [long-pulling] client count 0

2024-06-07 00:01:48,364 INFO groupCount = 0, subscriberClientCount = 0, subscriberCount = 0

2024-06-07 00:01:48,364 INFO toNotifyTaskSize = 0

2024-06-07 00:01:48,364 INFO toClientNotifyTaskSize = 0

2024-06-07 00:01:48,448 INFO [long-pulling] client count 0

2024-06-07 00:01:58,365 INFO groupCount = 0, subscriberClientCount = 0, subscriberCount = 0

2024-06-07 00:01:58,365 INFO toNotifyTaskSize = 0

2024-06-07 00:01:58,365 INFO toClientNotifyTaskSize = 0

2024-06-07 00:01:58,449 INFO [long-pulling] client count 0

2024-06-07 00:02:08,365 INFO groupCount = 0, subscriberClientCount = 0, subscriberCount = 0

2024-06-07 00:02:08,365 INFO toNotifyTaskSize = 0

2024-06-07 00:02:08,365 INFO toClientNotifyTaskSize = 0

2024-06-07 00:02:08,450 INFO [long-pulling] client count 0

2024-06-07 00:02:18,366 INFO groupCount = 0, subscriberClientCount = 0, subscriberCount = 0

2024-06-07 00:02:18,366 INFO toNotifyTaskSize = 0

2024-06-07 00:02:18,366 INFO toClientNotifyTaskSize = 0

2024-06-07 00:02:18,451 INFO [long-pulling] client count 0

2024-06-07 00:02:28,366 INFO groupCount = 0, subscriberClientCount = 0, subscriberCount = 0

2024-06-07 00:02:28,366 INFO toNotifyTaskSize = 0

2024-06-07 00:02:28,366 INFO toClientNotifyTaskSize = 0

2024-06-07 00:02:28,454 INFO [long-pulling] client count 0

2024-06-07 00:02:38,367 INFO toNotifyTaskSize = 0

2024-06-07 00:02:38,367 INFO toClientNotifyTaskSize = 0

2024-06-07 00:02:38,367 INFO groupCount = 0, subscriberClientCount = 0, subscriberCount = 0

2024-06-07 00:02:38,454 INFO [long-pulling] client count 0

2024-06-07 00:02:48,369 INFO toNotifyTaskSize = 0

2024-06-07 00:02:48,369 INFO groupCount = 0, subscriberClientCount = 0, subscriberCount = 0

2024-06-07 00:02:48,369 INFO toClientNotifyTaskSize = 0

2024-06-07 00:02:48,455 INFO [long-pulling] client count 0

2024-06-07 00:02:58,369 INFO groupCount = 0, subscriberClientCount = 0, subscriberCount = 0

2024-06-07 00:02:58,369 INFO toNotifyTaskSize = 0

2024-06-07 00:02:58,369 INFO toClientNotifyTaskSize = 0

2024-06-07 00:02:58,457 INFO [long-pulling] client count 0

2024-06-07 00:03:08,370 INFO toNotifyTaskSize = 0

2024-06-07 00:03:08,370 INFO toClientNotifyTaskSize = 0

2024-06-07 00:03:08,370 INFO groupCount = 0, subscriberClientCount = 0, subscriberCount = 0

2024-06-07 00:03:08,459 INFO [long-pulling] client count 0

2024-06-07 00:03:18,371 INFO toNotifyTaskSize = 0

2024-06-07 00:03:18,371 INFO groupCount = 0, subscriberClientCount = 0, subscriberCount = 0

2024-06-07 00:03:18,371 INFO toClientNotifyTaskSize = 0

2024-06-07 00:03:18,459 INFO [long-pulling] client count 0

2024-06-07 00:03:28,372 INFO toNotifyTaskSize = 0

2024-06-07 00:03:28,372 INFO toClientNotifyTaskSize = 0

2024-06-07 00:03:28,372 INFO groupCount = 0, subscriberClientCount = 0, subscriberCount = 0

2024-06-07 00:03:28,460 INFO [long-pulling] client count 0

2024-06-07 00:03:38,374 INFO toNotifyTaskSize = 0

2024-06-07 00:03:38,374 INFO groupCount = 0, subscriberClientCount = 0, subscriberCount = 0

2024-06-07 00:03:38,374 INFO toClientNotifyTaskSize = 0

2024-06-07 00:03:38,462 INFO [long-pulling] client count 0

2024-06-07 00:03:48,374 INFO groupCount = 0, subscriberClientCount = 0, subscriberCount = 0

2024-06-07 00:03:48,374 INFO toNotifyTaskSize = 0

2024-06-07 00:03:48,374 INFO toClientNotifyTaskSize = 0

2024-06-07 00:03:48,464 INFO [long-pulling] client count 0

2024-06-07 00:03:58,375 INFO groupCount = 0, subscriberClientCount = 0, subscriberCount = 0

2024-06-07 00:03:58,376 INFO toNotifyTaskSize = 0

2024-06-07 00:03:58,376 INFO toClientNotifyTaskSize = 0

2024-06-07 00:03:58,465 INFO [long-pulling] client count 0

2024-06-07 00:04:08,377 INFO groupCount = 0, subscriberClientCount = 0, subscriberCount = 0

2024-06-07 00:04:08,377 INFO toNotifyTaskSize = 0

2024-06-07 00:04:08,377 INFO toClientNotifyTaskSize = 0

2024-06-07 00:04:08,468 INFO [long-pulling] client count 0

2024-06-07 00:04:18,379 INFO toNotifyTaskSize = 0

2024-06-07 00:04:18,379 INFO groupCount = 0, subscriberClientCount = 0, subscriberCount = 0

2024-06-07 00:04:18,379 INFO toClientNotifyTaskSize = 0

2024-06-07 00:04:18,469 INFO [long-pulling] client count 0

2024-06-07 00:04:28,380 INFO toNotifyTaskSize = 0

2024-06-07 00:04:28,380 INFO toClientNotifyTaskSize = 0

2024-06-07 00:04:28,380 INFO groupCount = 0, subscriberClientCount = 0, subscriberCount = 0

2024-06-07 00:04:28,471 INFO [long-pulling] client count 0

2024-06-07 00:04:38,381 INFO groupCount = 0, subscriberClientCount = 0, subscriberCount = 0

2024-06-07 00:04:38,381 INFO toNotifyTaskSize = 0

2024-06-07 00:04:38,381 INFO toClientNotifyTaskSize = 0

2024-06-07 00:04:38,472 INFO [long-pulling] client count 0

2024-06-07 00:04:48,383 INFO toNotifyTaskSize = 0

2024-06-07 00:04:48,383 INFO toClientNotifyTaskSize = 0

2024-06-07 00:04:48,383 INFO groupCount = 0, subscriberClientCount = 0, subscriberCount = 0

2024-06-07 00:04:48,474 INFO [long-pulling] client count 0

2024-06-07 00:04:58,385 INFO toNotifyTaskSize = 0

2024-06-07 00:04:58,385 INFO groupCount = 0, subscriberClientCount = 0, subscriberCount = 0

2024-06-07 00:04:58,385 INFO toClientNotifyTaskSize = 0

2024-06-07 00:04:58,475 INFO [long-pulling] client count 0

2024-06-07 00:05:08,386 INFO groupCount = 0, subscriberClientCount = 0, subscriberCount = 0

2024-06-07 00:05:08,386 INFO toNotifyTaskSize = 0

2024-06-07 00:05:08,386 INFO toClientNotifyTaskSize = 0

2024-06-07 00:05:08,476 INFO [long-pulling] client count 0

2024-06-07 00:05:18,387 INFO groupCount = 0, subscriberClientCount = 0, subscriberCount = 0

2024-06-07 00:05:18,387 INFO toNotifyTaskSize = 0

2024-06-07 00:05:18,387 INFO toClientNotifyTaskSize = 0

2024-06-07 00:05:18,478 INFO [long-pulling] client count 0

2024-06-07 00:05:28,388 INFO groupCount = 0, subscriberClientCount = 0, subscriberCount = 0

2024-06-07 00:05:28,388 INFO toNotifyTaskSize = 0

2024-06-07 00:05:28,388 INFO toClientNotifyTaskSize = 0

2024-06-07 00:05:28,480 INFO [long-pulling] client count 0

2024-06-07 00:05:38,389 INFO groupCount = 0, subscriberClientCount = 0, subscriberCount = 0

2024-06-07 00:05:38,389 INFO toNotifyTaskSize = 0

2024-06-07 00:05:38,389 INFO toClientNotifyTaskSize = 0

2024-06-07 00:05:38,481 INFO [long-pulling] client count 0

2024-06-07 00:05:48,389 INFO toNotifyTaskSize = 0

2024-06-07 00:05:48,389 INFO toClientNotifyTaskSize = 0

2024-06-07 00:05:48,389 INFO groupCount = 0, subscriberClientCount = 0, subscriberCount = 0

2024-06-07 00:05:48,484 INFO [long-pulling] client count 0

2024-06-07 00:05:58,389 INFO toNotifyTaskSize = 0

2024-06-07 00:05:58,390 INFO toClientNotifyTaskSize = 0

2024-06-07 00:05:58,390 INFO groupCount = 0, subscriberClientCount = 0, subscriberCount = 0

2024-06-07 00:05:58,491 INFO [long-pulling] client count 0

2024-06-07 00:06:08,390 INFO groupCount = 0, subscriberClientCount = 0, subscriberCount = 0

2024-06-07 00:06:08,390 INFO toNotifyTaskSize = 0

2024-06-07 00:06:08,390 INFO toClientNotifyTaskSize = 0

2024-06-07 00:06:08,492 INFO [long-pulling] client count 0

2024-06-07 00:06:18,391 INFO groupCount = 0, subscriberClientCount = 0, subscriberCount = 0

2024-06-07 00:06:18,391 INFO toNotifyTaskSize = 0

2024-06-07 00:06:18,391 INFO toClientNotifyTaskSize = 0

2024-06-07 00:06:18,493 INFO [long-pulling] client count 0

2024-06-07 00:06:28,394 INFO groupCount = 0, subscriberClientCount = 0, subscriberCount = 0

2024-06-07 00:06:28,394 INFO toNotifyTaskSize = 0

2024-06-07 00:06:28,394 INFO toClientNotifyTaskSize = 0

2024-06-07 00:06:28,494 INFO [long-pulling] client count 0

2024-06-07 00:06:38,395 INFO groupCount = 0, subscriberClientCount = 0, subscriberCount = 0

2024-06-07 00:06:38,395 INFO toNotifyTaskSize = 0

2024-06-07 00:06:38,395 INFO toClientNotifyTaskSize = 0

2024-06-07 00:06:38,495 INFO [long-pulling] client count 0

2024-06-07 00:06:48,395 INFO groupCount = 0, subscriberClientCount = 0, subscriberCount = 0

2024-06-07 00:06:48,395 INFO toNotifyTaskSize = 0

2024-06-07 00:06:48,395 INFO toClientNotifyTaskSize = 0

2024-06-07 00:06:48,496 INFO [long-pulling] client count 0

2024-06-07 00:06:58,396 INFO groupCount = 0, subscriberClientCount = 0, subscriberCount = 0

2024-06-07 00:06:58,396 INFO toNotifyTaskSize = 0

2024-06-07 00:06:58,397 INFO toClientNotifyTaskSize = 0

2024-06-07 00:06:58,497 INFO [long-pulling] client count 0

2024-06-07 00:07:08,398 INFO groupCount = 0, subscriberClientCount = 0, subscriberCount = 0

2024-06-07 00:07:08,398 INFO toNotifyTaskSize = 0

2024-06-07 00:07:08,398 INFO toClientNotifyTaskSize = 0

2024-06-07 00:07:08,499 INFO [long-pulling] client count 0

2024-06-07 00:07:18,399 INFO toNotifyTaskSize = 0

2024-06-07 00:07:18,399 INFO toClientNotifyTaskSize = 0

2024-06-07 00:07:18,399 INFO groupCount = 0, subscriberClientCount = 0, subscriberCount = 0

2024-06-07 00:07:18,500 INFO [long-pulling] client count 0

2024-06-07 00:07:28,400 INFO toNotifyTaskSize = 0

2024-06-07 00:07:28,400 INFO toClientNotifyTaskSize = 0

2024-06-07 00:07:28,400 INFO groupCount = 0, subscriberClientCount = 0, subscriberCount = 0

2024-06-07 00:07:28,501 INFO [long-pulling] client count 0

2024-06-07 00:07:38,403 INFO toNotifyTaskSize = 0

2024-06-07 00:07:38,403 INFO toClientNotifyTaskSize = 0

2024-06-07 00:07:38,403 INFO groupCount = 0, subscriberClientCount = 0, subscriberCount = 0

2024-06-07 00:07:38,502 INFO [long-pulling] client count 0

2024-06-07 00:07:48,403 INFO groupCount = 0, subscriberClientCount = 0, subscriberCount = 0

2024-06-07 00:07:48,403 INFO toNotifyTaskSize = 0

2024-06-07 00:07:48,403 INFO toClientNotifyTaskSize = 0

2024-06-07 00:07:48,504 INFO [long-pulling] client count 0

2024-06-07 00:07:58,404 INFO toNotifyTaskSize = 0

2024-06-07 00:07:58,404 INFO groupCount = 0, subscriberClientCount = 0, subscriberCount = 0

2024-06-07 00:07:58,404 INFO toClientNotifyTaskSize = 0

2024-06-07 00:07:58,505 INFO [long-pulling] client count 0

2024-06-07 00:08:08,405 INFO groupCount = 0, subscriberClientCount = 0, subscriberCount = 0

2024-06-07 00:08:08,405 INFO toNotifyTaskSize = 0

2024-06-07 00:08:08,405 INFO toClientNotifyTaskSize = 0

2024-06-07 00:08:08,507 INFO [long-pulling] client count 0

2024-06-07 00:08:18,406 INFO groupCount = 0, subscriberClientCount = 0, subscriberCount = 0

2024-06-07 00:08:18,406 INFO toNotifyTaskSize = 0

2024-06-07 00:08:18,407 INFO toClientNotifyTaskSize = 0

2024-06-07 00:08:18,508 INFO [long-pulling] client count 0

2024-06-07 00:08:28,406 INFO groupCount = 0, subscriberClientCount = 0, subscriberCount = 0

2024-06-07 00:08:28,408 INFO toNotifyTaskSize = 0

2024-06-07 00:08:28,408 INFO toClientNotifyTaskSize = 0

2024-06-07 00:08:28,510 INFO [long-pulling] client count 0

2024-06-07 00:08:38,408 INFO groupCount = 0, subscriberClientCount = 0, subscriberCount = 0

2024-06-07 00:08:38,410 INFO toNotifyTaskSize = 0

2024-06-07 00:08:38,410 INFO toClientNotifyTaskSize = 0

2024-06-07 00:08:38,511 INFO [long-pulling] client count 0

2024-06-07 00:08:48,408 INFO groupCount = 0, subscriberClientCount = 0, subscriberCount = 0

2024-06-07 00:08:48,411 INFO toNotifyTaskSize = 0

2024-06-07 00:08:48,411 INFO toClientNotifyTaskSize = 0

2024-06-07 00:08:48,514 INFO [long-pulling] client count 0

2024-06-07 00:08:58,409 INFO groupCount = 0, subscriberClientCount = 0, subscriberCount = 0

2024-06-07 00:08:58,412 INFO toNotifyTaskSize = 0

2024-06-07 00:08:58,412 INFO toClientNotifyTaskSize = 0

2024-06-07 00:08:58,515 INFO [long-pulling] client count 0

2024-06-07 00:09:08,410 INFO groupCount = 0, subscriberClientCount = 0, subscriberCount = 0

2024-06-07 00:09:08,413 INFO toNotifyTaskSize = 0

2024-06-07 00:09:08,413 INFO toClientNotifyTaskSize = 0

2024-06-07 00:09:08,516 INFO [long-pulling] client count 0

2024-06-07 00:09:18,411 INFO groupCount = 0, subscriberClientCount = 0, subscriberCount = 0

2024-06-07 00:09:18,414 INFO toNotifyTaskSize = 0

2024-06-07 00:09:18,414 INFO toClientNotifyTaskSize = 0

2024-06-07 00:09:18,516 INFO [long-pulling] client count 0

2024-06-07 00:09:28,414 INFO groupCount = 0, subscriberClientCount = 0, subscriberCount = 0

2024-06-07 00:09:28,414 INFO toNotifyTaskSize = 0

2024-06-07 00:09:28,414 INFO toClientNotifyTaskSize = 0

2024-06-07 00:09:28,516 INFO [long-pulling] client count 0

2024-06-07 00:09:38,415 INFO groupCount = 0, subscriberClientCount = 0, subscriberCount = 0

2024-06-07 00:09:38,415 INFO toNotifyTaskSize = 0

2024-06-07 00:09:38,415 INFO toClientNotifyTaskSize = 0

2024-06-07 00:09:38,519 INFO [long-pulling] client count 0

2024-06-07 00:09:48,417 INFO groupCount = 0, subscriberClientCount = 0, subscriberCount = 0

2024-06-07 00:09:48,417 INFO toNotifyTaskSize = 0

2024-06-07 00:09:48,417 INFO toClientNotifyTaskSize = 0

2024-06-07 00:09:48,520 INFO [long-pulling] client count 0

2024-06-07 00:09:58,418 INFO groupCount = 0, subscriberClientCount = 0, subscriberCount = 0

2024-06-07 00:09:58,418 INFO toNotifyTaskSize = 0

2024-06-07 00:09:58,418 INFO toClientNotifyTaskSize = 0

2024-06-07 00:09:58,521 INFO [long-pulling] client count 0

2024-06-07 00:10:08,419 INFO toNotifyTaskSize = 0

2024-06-07 00:10:08,419 INFO groupCount = 0, subscriberClientCount = 0, subscriberCount = 0

2024-06-07 00:10:08,419 INFO toClientNotifyTaskSize = 0

2024-06-07 00:10:08,521 INFO [long-pulling] client count 0

2024-06-07 00:10:18,420 INFO toNotifyTaskSize = 0

2024-06-07 00:10:18,420 INFO toClientNotifyTaskSize = 0

2024-06-07 00:10:18,420 INFO groupCount = 0, subscriberClientCount = 0, subscriberCount = 0

2024-06-07 00:10:18,522 INFO [long-pulling] client count 0

2024-06-07 00:10:28,422 INFO toNotifyTaskSize = 0

2024-06-07 00:10:28,422 INFO groupCount = 0, subscriberClientCount = 0, subscriberCount = 0

2024-06-07 00:10:28,422 INFO toClientNotifyTaskSize = 0

2024-06-07 00:10:28,524 INFO [long-pulling] client count 0

2024-06-07 00:10:38,423 INFO groupCount = 0, subscriberClientCount = 0, subscriberCount = 0

2024-06-07 00:10:38,423 INFO toNotifyTaskSize = 0

2024-06-07 00:10:38,423 INFO toClientNotifyTaskSize = 0

2024-06-07 00:10:38,524 INFO [long-pulling] client count 0

2024-06-07 00:10:48,424 INFO groupCount = 0, subscriberClientCount = 0, subscriberCount = 0

2024-06-07 00:10:48,424 INFO toNotifyTaskSize = 0

2024-06-07 00:10:48,424 INFO toClientNotifyTaskSize = 0

2024-06-07 00:10:48,526 INFO [long-pulling] client count 0

2024-06-07 00:10:58,424 INFO groupCount = 0, subscriberClientCount = 0, subscriberCount = 0

2024-06-07 00:10:58,424 INFO toNotifyTaskSize = 0

2024-06-07 00:10:58,424 INFO toClientNotifyTaskSize = 0

2024-06-07 00:10:58,527 INFO [long-pulling] client count 0

2024-06-07 00:11:08,425 INFO groupCount = 0, subscriberClientCount = 0, subscriberCount = 0

2024-06-07 00:11:08,425 INFO toNotifyTaskSize = 0

2024-06-07 00:11:08,425 INFO toClientNotifyTaskSize = 0

2024-06-07 00:11:08,528 INFO [long-pulling] client count 0

2024-06-07 00:11:18,426 INFO groupCount = 0, subscriberClientCount = 0, subscriberCount = 0

2024-06-07 00:11:18,426 INFO toNotifyTaskSize = 0

2024-06-07 00:11:18,426 INFO toClientNotifyTaskSize = 0

2024-06-07 00:11:18,528 INFO [long-pulling] client count 0

2024-06-07 00:11:28,427 INFO toNotifyTaskSize = 0

2024-06-07 00:11:28,427 INFO groupCount = 0, subscriberClientCount = 0, subscriberCount = 0

2024-06-07 00:11:28,427 INFO toClientNotifyTaskSize = 0

2024-06-07 00:11:28,530 INFO [long-pulling] client count 0

2024-06-07 00:11:38,429 INFO groupCount = 0, subscriberClientCount = 0, subscriberCount = 0

2024-06-07 00:11:38,429 INFO toNotifyTaskSize = 0

2024-06-07 00:11:38,429 INFO toClientNotifyTaskSize = 0

2024-06-07 00:11:38,530 INFO [long-pulling] client count 0

2024-06-07 00:11:48,429 INFO toNotifyTaskSize = 0

2024-06-07 00:11:48,429 INFO groupCount = 0, subscriberClientCount = 0, subscriberCount = 0

2024-06-07 00:11:48,429 INFO toClientNotifyTaskSize = 0

2024-06-07 00:11:48,532 INFO [long-pulling] client count 0

2024-06-07 00:11:58,431 INFO groupCount = 0, subscriberClientCount = 0, subscriberCount = 0

2024-06-07 00:11:58,431 INFO toNotifyTaskSize = 0

2024-06-07 00:11:58,431 INFO toClientNotifyTaskSize = 0

2024-06-07 00:11:58,532 INFO [long-pulling] client count 0

2024-06-07 00:12:08,431 INFO toNotifyTaskSize = 0

2024-06-07 00:12:08,431 INFO toClientNotifyTaskSize = 0

2024-06-07 00:12:08,431 INFO groupCount = 0, subscriberClientCount = 0, subscriberCount = 0

2024-06-07 00:12:08,534 INFO [long-pulling] client count 0

2024-06-07 00:12:18,433 INFO toNotifyTaskSize = 0

2024-06-07 00:12:18,433 INFO toClientNotifyTaskSize = 0

2024-06-07 00:12:18,433 INFO groupCount = 0, subscriberClientCount = 0, subscriberCount = 0

2024-06-07 00:12:18,535 INFO [long-pulling] client count 0

2024-06-07 00:12:28,434 INFO groupCount = 0, subscriberClientCount = 0, subscriberCount = 0

2024-06-07 00:12:28,434 INFO toNotifyTaskSize = 0

2024-06-07 00:12:28,434 INFO toClientNotifyTaskSize = 0

2024-06-07 00:12:28,536 INFO [long-pulling] client count 0

2024-06-07 00:12:38,435 INFO toNotifyTaskSize = 0

2024-06-07 00:12:38,435 INFO toClientNotifyTaskSize = 0

2024-06-07 00:12:38,435 INFO groupCount = 0, subscriberClientCount = 0, subscriberCount = 0

2024-06-07 00:12:38,536 INFO [long-pulling] client count 0

2024-06-07 00:12:48,435 INFO toNotifyTaskSize = 0

2024-06-07 00:12:48,435 INFO toClientNotifyTaskSize = 0

2024-06-07 00:12:48,435 INFO groupCount = 0, subscriberClientCount = 0, subscriberCount = 0

2024-06-07 00:12:48,538 INFO [long-pulling] client count 0

2024-06-07 00:12:58,437 INFO toNotifyTaskSize = 0

2024-06-07 00:12:58,437 INFO toClientNotifyTaskSize = 0

2024-06-07 00:12:58,437 INFO groupCount = 0, subscriberClientCount = 0, subscriberCount = 0

2024-06-07 00:12:58,538 INFO [long-pulling] client count 0

2024-06-07 00:13:08,438 INFO toNotifyTaskSize = 0

2024-06-07 00:13:08,438 INFO groupCount = 0, subscriberClientCount = 0, subscriberCount = 0

2024-06-07 00:13:08,438 INFO toClientNotifyTaskSize = 0

2024-06-07 00:13:08,539 INFO [long-pulling] client count 0

2024-06-07 00:13:18,440 INFO groupCount = 0, subscriberClientCount = 0, subscriberCount = 0

2024-06-07 00:13:18,440 INFO toNotifyTaskSize = 0

2024-06-07 00:13:18,440 INFO toClientNotifyTaskSize = 0

2024-06-07 00:13:18,540 INFO [long-pulling] client count 0

2024-06-07 00:13:28,441 INFO toNotifyTaskSize = 0

2024-06-07 00:13:28,441 INFO groupCount = 0, subscriberClientCount = 0, subscriberCount = 0

2024-06-07 00:13:28,441 INFO toClientNotifyTaskSize = 0

2024-06-07 00:13:28,541 INFO [long-pulling] client count 0

2024-06-07 00:13:38,442 INFO toNotifyTaskSize = 0

2024-06-07 00:13:38,442 INFO groupCount = 0, subscriberClientCount = 0, subscriberCount = 0

2024-06-07 00:13:38,442 INFO toClientNotifyTaskSize = 0

2024-06-07 00:13:38,543 INFO [long-pulling] client count 0

2024-06-07 00:13:48,443 INFO groupCount = 0, subscriberClientCount = 0, subscriberCount = 0

2024-06-07 00:13:48,443 INFO toNotifyTaskSize = 0

2024-06-07 00:13:48,443 INFO toClientNotifyTaskSize = 0

2024-06-07 00:13:48,544 INFO [long-pulling] client count 0

2024-06-07 00:13:58,444 INFO groupCount = 0, subscriberClientCount = 0, subscriberCount = 0

2024-06-07 00:13:58,444 INFO toNotifyTaskSize = 0

2024-06-07 00:13:58,444 INFO toClientNotifyTaskSize = 0

2024-06-07 00:13:58,544 INFO [long-pulling] client count 0

2024-06-07 00:14:08,445 INFO toNotifyTaskSize = 0

2024-06-07 00:14:08,445 INFO toClientNotifyTaskSize = 0

2024-06-07 00:14:08,445 INFO groupCount = 0, subscriberClientCount = 0, subscriberCount = 0

2024-06-07 00:14:08,545 INFO [long-pulling] client count 0

2024-06-07 00:14:18,446 INFO toNotifyTaskSize = 0

2024-06-07 00:14:18,446 INFO groupCount = 0, subscriberClientCount = 0, subscriberCount = 0

2024-06-07 00:14:18,446 INFO toClientNotifyTaskSize = 0

2024-06-07 00:14:18,547 INFO [long-pulling] client count 0

2024-06-07 00:14:28,447 INFO toNotifyTaskSize = 0

2024-06-07 00:14:28,447 INFO toClientNotifyTaskSize = 0

2024-06-07 00:14:28,447 INFO groupCount = 0, subscriberClientCount = 0, subscriberCount = 0

2024-06-07 00:14:28,548 INFO [long-pulling] client count 0

2024-06-07 00:14:38,449 INFO toNotifyTaskSize = 0

2024-06-07 00:14:38,449 INFO groupCount = 0, subscriberClientCount = 0, subscriberCount = 0

2024-06-07 00:14:38,449 INFO toClientNotifyTaskSize = 0

2024-06-07 00:14:38,550 INFO [long-pulling] client count 0

2024-06-07 00:14:48,449 INFO groupCount = 0, subscriberClientCount = 0, subscriberCount = 0

2024-06-07 00:14:48,449 INFO toNotifyTaskSize = 0

2024-06-07 00:14:48,449 INFO toClientNotifyTaskSize = 0

2024-06-07 00:14:48,551 INFO [long-pulling] client count 0

2024-06-07 00:14:58,450 INFO groupCount = 0, subscriberClientCount = 0, subscriberCount = 0

2024-06-07 00:14:58,450 INFO toNotifyTaskSize = 0

2024-06-07 00:14:58,450 INFO toClientNotifyTaskSize = 0

2024-06-07 00:14:58,551 INFO [long-pulling] client count 0

2024-06-07 00:15:08,451 INFO groupCount = 0, subscriberClientCount = 0, subscriberCount = 0

2024-06-07 00:15:08,451 INFO toNotifyTaskSize = 0

2024-06-07 00:15:08,451 INFO toClientNotifyTaskSize = 0

2024-06-07 00:15:08,553 INFO [long-pulling] client count 0

2024-06-07 00:15:18,451 INFO toNotifyTaskSize = 0

2024-06-07 00:15:18,451 INFO toClientNotifyTaskSize = 0

2024-06-07 00:15:18,451 INFO groupCount = 0, subscriberClientCount = 0, subscriberCount = 0

2024-06-07 00:15:18,554 INFO [long-pulling] client count 0

2024-06-07 00:15:28,454 INFO groupCount = 0, subscriberClientCount = 0, subscriberCount = 0

2024-06-07 00:15:28,454 INFO toNotifyTaskSize = 0

2024-06-07 00:15:28,454 INFO toClientNotifyTaskSize = 0

2024-06-07 00:15:28,555 INFO [long-pulling] client count 0

2024-06-07 00:15:38,455 INFO groupCount = 0, subscriberClientCount = 0, subscriberCount = 0

2024-06-07 00:15:38,455 INFO toNotifyTaskSize = 0

2024-06-07 00:15:38,455 INFO toClientNotifyTaskSize = 0

2024-06-07 00:15:38,555 INFO [long-pulling] client count 0

2024-06-07 00:15:48,457 INFO toNotifyTaskSize = 0

2024-06-07 00:15:48,457 INFO toClientNotifyTaskSize = 0

2024-06-07 00:15:48,457 INFO groupCount = 0, subscriberClientCount = 0, subscriberCount = 0

2024-06-07 00:15:48,556 INFO [long-pulling] client count 0

2024-06-07 11:36:54,034 INFO [long-pulling] client count 0

2024-06-07 11:37:03,971 INFO toNotifyTaskSize = 0

2024-06-07 11:37:03,971 INFO toClientNotifyTaskSize = 0

2024-06-07 11:37:03,977 INFO groupCount = 0, subscriberClientCount = 0, subscriberCount = 0

2024-06-07 11:37:04,036 INFO [long-pulling] client count 0

2024-06-07 11:37:13,972 INFO toNotifyTaskSize = 0

2024-06-07 11:37:13,972 INFO toClientNotifyTaskSize = 0

2024-06-07 11:37:13,978 INFO groupCount = 0, subscriberClientCount = 0, subscriberCount = 0

2024-06-07 11:37:14,037 INFO [long-pulling] client count 0

2024-06-07 11:37:23,974 INFO toNotifyTaskSize = 0

2024-06-07 11:37:23,974 INFO toClientNotifyTaskSize = 0

2024-06-07 11:37:23,980 INFO groupCount = 0, subscriberClientCount = 0, subscriberCount = 0

2024-06-07 11:37:24,037 INFO [long-pulling] client count 0

2024-06-07 11:37:33,974 INFO toNotifyTaskSize = 0

2024-06-07 11:37:33,974 INFO toClientNotifyTaskSize = 0

2024-06-07 11:37:33,981 INFO groupCount = 0, subscriberClientCount = 0, subscriberCount = 0

2024-06-07 11:37:34,038 INFO [long-pulling] client count 0

2024-06-07 11:37:43,975 INFO toNotifyTaskSize = 0

2024-06-07 11:37:43,975 INFO toClientNotifyTaskSize = 0

2024-06-07 11:37:43,982 INFO groupCount = 0, subscriberClientCount = 0, subscriberCount = 0

2024-06-07 11:37:44,039 INFO [long-pulling] client count 0

2024-06-07 11:37:53,977 INFO toNotifyTaskSize = 0

2024-06-07 11:37:53,977 INFO toClientNotifyTaskSize = 0

2024-06-07 11:37:53,983 INFO groupCount = 0, subscriberClientCount = 0, subscriberCount = 0

2024-06-07 11:37:54,040 INFO [long-pulling] client count 0

2024-06-07 11:38:03,978 INFO toNotifyTaskSize = 0

2024-06-07 11:38:03,978 INFO toClientNotifyTaskSize = 0

2024-06-07 11:38:03,984 INFO groupCount = 0, subscriberClientCount = 0, subscriberCount = 0

2024-06-07 11:38:04,041 INFO [long-pulling] client count 0

2024-06-07 11:38:13,979 INFO toNotifyTaskSize = 0

2024-06-07 11:38:13,979 INFO toClientNotifyTaskSize = 0

2024-06-07 11:38:13,984 INFO groupCount = 0, subscriberClientCount = 0, subscriberCount = 0

2024-06-07 11:38:14,043 INFO [long-pulling] client count 0

2024-06-07 11:38:23,980 INFO toNotifyTaskSize = 0

2024-06-07 11:38:23,980 INFO toClientNotifyTaskSize = 0

2024-06-07 11:38:23,986 INFO groupCount = 0, subscriberClientCount = 0, subscriberCount = 0

2024-06-07 11:38:24,044 INFO [long-pulling] client count 0

2024-06-07 11:38:33,981 INFO toNotifyTaskSize = 0

2024-06-07 11:38:33,981 INFO toClientNotifyTaskSize = 0

2024-06-07 11:38:33,987 INFO groupCount = 0, subscriberClientCount = 0, subscriberCount = 0

2024-06-07 11:38:34,044 INFO [long-pulling] client count 0

2024-06-07 11:38:43,982 INFO toNotifyTaskSize = 0

2024-06-07 11:38:43,982 INFO toClientNotifyTaskSize = 0

2024-06-07 11:38:43,987 INFO groupCount = 0, subscriberClientCount = 0, subscriberCount = 0

2024-06-07 11:38:44,046 INFO [long-pulling] client count 0

2024-06-07 11:38:53,984 INFO toNotifyTaskSize = 0

2024-06-07 11:38:53,984 INFO toClientNotifyTaskSize = 0

2024-06-07 11:38:53,988 INFO groupCount = 0, subscriberClientCount = 0, subscriberCount = 0

2024-06-07 11:38:54,048 INFO [long-pulling] client count 0

2024-06-07 11:39:03,984 INFO toNotifyTaskSize = 0

2024-06-07 11:39:03,984 INFO toClientNotifyTaskSize = 0

2024-06-07 11:39:03,989 INFO groupCount = 0, subscriberClientCount = 0, subscriberCount = 0

2024-06-07 11:39:04,050 INFO [long-pulling] client count 0

2024-06-07 11:39:13,986 INFO toNotifyTaskSize = 0

2024-06-07 11:39:13,986 INFO toClientNotifyTaskSize = 0

2024-06-07 11:39:13,990 INFO groupCount = 0, subscriberClientCount = 0, subscriberCount = 0

2024-06-07 11:39:14,050 INFO [long-pulling] client count 0

2024-06-07 11:39:23,986 INFO toNotifyTaskSize = 0

2024-06-07 11:39:23,986 INFO toClientNotifyTaskSize = 0

2024-06-07 11:39:23,990 INFO groupCount = 0, subscriberClientCount = 0, subscriberCount = 0

2024-06-07 11:39:24,052 INFO [long-pulling] client count 0

2024-06-07 11:39:33,987 INFO toNotifyTaskSize = 0

2024-06-07 11:39:33,987 INFO toClientNotifyTaskSize = 0

2024-06-07 11:39:33,991 INFO groupCount = 0, subscriberClientCount = 0, subscriberCount = 0

2024-06-07 11:39:34,053 INFO [long-pulling] client count 0

2024-06-07 11:39:43,987 INFO toNotifyTaskSize = 0

2024-06-07 11:39:43,987 INFO toClientNotifyTaskSize = 0

2024-06-07 11:39:43,992 INFO groupCount = 0, subscriberClientCount = 0, subscriberCount = 0

2024-06-07 11:39:44,055 INFO [long-pulling] client count 0

2024-06-07 11:39:53,988 INFO toNotifyTaskSize = 0

2024-06-07 11:39:53,988 INFO toClientNotifyTaskSize = 0

2024-06-07 11:39:53,993 INFO groupCount = 0, subscriberClientCount = 0, subscriberCount = 0

2024-06-07 11:39:54,056 INFO [long-pulling] client count 0

2024-06-07 11:40:03,990 INFO toNotifyTaskSize = 0

2024-06-07 11:40:03,990 INFO toClientNotifyTaskSize = 0

2024-06-07 11:40:03,994 INFO groupCount = 0, subscriberClientCount = 0, subscriberCount = 0

2024-06-07 11:40:04,057 INFO [long-pulling] client count 0

2024-06-07 11:40:13,992 INFO toNotifyTaskSize = 0

2024-06-07 11:40:13,992 INFO toClientNotifyTaskSize = 0

2024-06-07 11:40:13,995 INFO groupCount = 0, subscriberClientCount = 0, subscriberCount = 0

2024-06-07 11:40:14,057 INFO [long-pulling] client count 0

2024-06-07 11:40:23,992 INFO toNotifyTaskSize = 0

2024-06-07 11:40:23,992 INFO toClientNotifyTaskSize = 0

2024-06-07 11:40:23,995 INFO groupCount = 0, subscriberClientCount = 0, subscriberCount = 0

2024-06-07 11:40:24,057 INFO [long-pulling] client count 0

2024-06-07 11:40:33,993 INFO toNotifyTaskSize = 0

2024-06-07 11:40:33,993 INFO toClientNotifyTaskSize = 0

2024-06-07 11:40:33,997 INFO groupCount = 0, subscriberClientCount = 0, subscriberCount = 0

2024-06-07 11:40:34,058 INFO [long-pulling] client count 0

2024-06-07 11:40:43,993 INFO toNotifyTaskSize = 0

2024-06-07 11:40:43,993 INFO toClientNotifyTaskSize = 0

2024-06-07 11:40:43,997 INFO groupCount = 0, subscriberClientCount = 0, subscriberCount = 0

2024-06-07 11:40:44,059 INFO [long-pulling] client count 0

2024-06-07 11:40:53,995 INFO toNotifyTaskSize = 0

2024-06-07 11:40:53,995 INFO toClientNotifyTaskSize = 0

2024-06-07 11:40:53,998 INFO groupCount = 0, subscriberClientCount = 0, subscriberCount = 0

2024-06-07 11:40:54,060 INFO [long-pulling] client count 0

2024-06-07 11:41:03,995 INFO toNotifyTaskSize = 0

2024-06-07 11:41:03,995 INFO toClientNotifyTaskSize = 0

2024-06-07 11:41:03,998 INFO groupCount = 0, subscriberClientCount = 0, subscriberCount = 0

2024-06-07 11:41:04,062 INFO [long-pulling] client count 0

2024-06-07 11:41:13,996 INFO toNotifyTaskSize = 0

2024-06-07 11:41:13,996 INFO toClientNotifyTaskSize = 0

2024-06-07 11:41:13,999 INFO groupCount = 0, subscriberClientCount = 0, subscriberCount = 0

2024-06-07 11:41:14,062 INFO [long-pulling] client count 0

2024-06-07 11:41:23,996 INFO toNotifyTaskSize = 0

2024-06-07 11:41:23,996 INFO toClientNotifyTaskSize = 0

2024-06-07 11:41:24,000 INFO groupCount = 0, subscriberClientCount = 0, subscriberCount = 0

2024-06-07 11:41:24,063 INFO [long-pulling] client count 0

2024-06-07 11:41:33,997 INFO toNotifyTaskSize = 0

2024-06-07 11:41:33,997 INFO toClientNotifyTaskSize = 0

2024-06-07 11:41:34,001 INFO groupCount = 0, subscriberClientCount = 0, subscriberCount = 0

2024-06-07 11:41:34,065 INFO [long-pulling] client count 0

2024-06-07 11:41:43,997 INFO toNotifyTaskSize = 0

2024-06-07 11:41:43,997 INFO toClientNotifyTaskSize = 0

2024-06-07 11:41:44,001 INFO groupCount = 0, subscriberClientCount = 0, subscriberCount = 0

2024-06-07 11:41:44,067 INFO [long-pulling] client count 0

2024-06-07 11:41:53,998 INFO toNotifyTaskSize = 0

2024-06-07 11:41:53,998 INFO toClientNotifyTaskSize = 0

2024-06-07 11:41:54,002 INFO groupCount = 0, subscriberClientCount = 0, subscriberCount = 0

2024-06-07 11:41:54,068 INFO [long-pulling] client count 0

2024-06-07 11:42:03,998 INFO toNotifyTaskSize = 0

2024-06-07 11:42:03,998 INFO toClientNotifyTaskSize = 0

2024-06-07 11:42:04,002 INFO groupCount = 0, subscriberClientCount = 0, subscriberCount = 0

2024-06-07 11:42:04,068 INFO [long-pulling] client count 0

2024-06-07 11:42:13,999 INFO toNotifyTaskSize = 0

2024-06-07 11:42:13,999 INFO toClientNotifyTaskSize = 0

2024-06-07 11:42:14,003 INFO groupCount = 0, subscriberClientCount = 0, subscriberCount = 0

2024-06-07 11:42:14,070 INFO [long-pulling] client count 0

2024-06-07 11:42:23,999 INFO toNotifyTaskSize = 0

2024-06-07 11:42:23,999 INFO toClientNotifyTaskSize = 0

2024-06-07 11:42:24,003 INFO groupCount = 0, subscriberClientCount = 0, subscriberCount = 0

2024-06-07 11:42:24,070 INFO [long-pulling] client count 0

2024-06-07 11:42:34,001 INFO toNotifyTaskSize = 0

2024-06-07 11:42:34,001 INFO toClientNotifyTaskSize = 0

2024-06-07 11:42:34,004 INFO groupCount = 0, subscriberClientCount = 0, subscriberCount = 0

2024-06-07 11:42:34,071 INFO [long-pulling] client count 0

2024-06-07 11:42:44,003 INFO toNotifyTaskSize = 0

2024-06-07 11:42:44,003 INFO toClientNotifyTaskSize = 0

2024-06-07 11:42:44,004 INFO groupCount = 0, subscriberClientCount = 0, subscriberCount = 0

2024-06-07 11:42:44,073 INFO [long-pulling] client count 0

2024-06-07 11:42:54,004 INFO toNotifyTaskSize = 0

2024-06-07 11:42:54,004 INFO toClientNotifyTaskSize = 0

2024-06-07 11:42:54,006 INFO groupCount = 0, subscriberClientCount = 0, subscriberCount = 0

2024-06-07 11:42:54,074 INFO [long-pulling] client count 0

2024-06-07 11:43:04,004 INFO toNotifyTaskSize = 0

2024-06-07 11:43:04,004 INFO toClientNotifyTaskSize = 0

2024-06-07 11:43:04,006 INFO groupCount = 0, subscriberClientCount = 0, subscriberCount = 0

2024-06-07 11:43:04,075 INFO [long-pulling] client count 0

2024-06-07 11:43:14,005 INFO toNotifyTaskSize = 0

2024-06-07 11:43:14,005 INFO toClientNotifyTaskSize = 0

2024-06-07 11:43:14,008 INFO groupCount = 0, subscriberClientCount = 0, subscriberCount = 0

2024-06-07 11:43:14,077 INFO [long-pulling] client count 0

2024-06-07 11:43:24,006 INFO toNotifyTaskSize = 0

2024-06-07 11:43:24,006 INFO toClientNotifyTaskSize = 0

2024-06-07 11:43:24,009 INFO groupCount = 0, subscriberClientCount = 0, subscriberCount = 0

2024-06-07 11:43:24,078 INFO [long-pulling] client count 0

2024-06-07 11:43:34,008 INFO toNotifyTaskSize = 0

2024-06-07 11:43:34,008 INFO toClientNotifyTaskSize = 0

2024-06-07 11:43:34,010 INFO groupCount = 0, subscriberClientCount = 0, subscriberCount = 0

2024-06-07 11:43:34,078 INFO [long-pulling] client count 0

2024-06-07 11:43:44,008 INFO toNotifyTaskSize = 0

2024-06-07 11:43:44,008 INFO toClientNotifyTaskSize = 0

2024-06-07 11:43:44,010 INFO groupCount = 0, subscriberClientCount = 0, subscriberCount = 0

2024-06-07 11:43:44,080 INFO [long-pulling] client count 0

2024-06-07 11:43:54,009 INFO toNotifyTaskSize = 0

2024-06-07 11:43:54,009 INFO toClientNotifyTaskSize = 0

2024-06-07 11:43:54,012 INFO groupCount = 0, subscriberClientCount = 0, subscriberCount = 0

2024-06-07 11:43:54,080 INFO [long-pulling] client count 0

2024-06-07 11:44:04,010 INFO toNotifyTaskSize = 0

2024-06-07 11:44:04,010 INFO toClientNotifyTaskSize = 0

2024-06-07 11:44:04,012 INFO groupCount = 0, subscriberClientCount = 0, subscriberCount = 0

2024-06-07 11:44:04,082 INFO [long-pulling] client count 0

2024-06-07 11:44:14,011 INFO toNotifyTaskSize = 0

2024-06-07 11:44:14,011 INFO toClientNotifyTaskSize = 0

2024-06-07 11:44:14,013 INFO groupCount = 0, subscriberClientCount = 0, subscriberCount = 0

2024-06-07 11:44:14,084 INFO [long-pulling] client count 0

2024-06-07 11:44:24,012 INFO toNotifyTaskSize = 0

2024-06-07 11:44:24,012 INFO toClientNotifyTaskSize = 0

2024-06-07 11:44:24,014 INFO groupCount = 0, subscriberClientCount = 0, subscriberCount = 0

2024-06-07 11:44:24,084 INFO [long-pulling] client count 0

2024-06-07 11:44:34,013 INFO toNotifyTaskSize = 0

2024-06-07 11:44:34,013 INFO toClientNotifyTaskSize = 0

2024-06-07 11:44:34,016 INFO groupCount = 0, subscriberClientCount = 0, subscriberCount = 0

2024-06-07 11:44:34,086 INFO [long-pulling] client count 0

2024-06-07 11:44:44,013 INFO toNotifyTaskSize = 0

2024-06-07 11:44:44,013 INFO toClientNotifyTaskSize = 0

2024-06-07 11:44:44,016 INFO groupCount = 0, subscriberClientCount = 0, subscriberCount = 0

2024-06-07 11:44:44,087 INFO [long-pulling] client count 0

2024-06-07 11:44:54,014 INFO toNotifyTaskSize = 0

2024-06-07 11:44:54,014 INFO toClientNotifyTaskSize = 0

2024-06-07 11:44:54,017 INFO groupCount = 0, subscriberClientCount = 0, subscriberCount = 0

2024-06-07 11:44:54,088 INFO [long-pulling] client count 0

2024-06-07 11:45:04,015 INFO toNotifyTaskSize = 0

2024-06-07 11:45:04,015 INFO toClientNotifyTaskSize = 0

2024-06-07 11:45:04,017 INFO groupCount = 0, subscriberClientCount = 0, subscriberCount = 0

2024-06-07 11:45:04,089 INFO [long-pulling] client count 0

2024-06-07 11:45:14,017 INFO toNotifyTaskSize = 0

2024-06-07 11:45:14,017 INFO toClientNotifyTaskSize = 0

2024-06-07 11:45:14,018 INFO groupCount = 0, subscriberClientCount = 0, subscriberCount = 0

2024-06-07 11:45:14,091 INFO [long-pulling] client count 0

2024-06-07 11:45:24,017 INFO toNotifyTaskSize = 0

2024-06-07 11:45:24,017 INFO toClientNotifyTaskSize = 0

2024-06-07 11:45:24,019 INFO groupCount = 0, subscriberClientCount = 0, subscriberCount = 0

2024-06-07 11:45:24,092 INFO [long-pulling] client count 0

2024-06-07 11:45:34,017 INFO toNotifyTaskSize = 0

2024-06-07 11:45:34,017 INFO toClientNotifyTaskSize = 0

2024-06-07 11:45:34,020 INFO groupCount = 0, subscriberClientCount = 0, subscriberCount = 0

2024-06-07 11:45:34,094 INFO [long-pulling] client count 0

2024-06-07 11:45:44,018 INFO toNotifyTaskSize = 0

2024-06-07 11:45:44,018 INFO toClientNotifyTaskSize = 0

2024-06-07 11:45:44,020 INFO groupCount = 0, subscriberClientCount = 0, subscriberCount = 0

2024-06-07 11:45:44,095 INFO [long-pulling] client count 0

2024-06-07 11:45:54,019 INFO toNotifyTaskSize = 0

2024-06-07 11:45:54,019 INFO toClientNotifyTaskSize = 0

2024-06-07 11:45:54,021 INFO groupCount = 0, subscriberClientCount = 0, subscriberCount = 0

2024-06-07 11:45:54,095 INFO [long-pulling] client count 0

2024-06-07 11:46:04,020 INFO toNotifyTaskSize = 0

2024-06-07 11:46:04,020 INFO toClientNotifyTaskSize = 0

2024-06-07 11:46:04,022 INFO groupCount = 0, subscriberClientCount = 0, subscriberCount = 0

2024-06-07 11:46:04,097 INFO [long-pulling] client count 0

2024-06-07 11:46:14,022 INFO toNotifyTaskSize = 0

2024-06-07 11:46:14,022 INFO toClientNotifyTaskSize = 0

2024-06-07 11:46:14,024 INFO groupCount = 0, subscriberClientCount = 0, subscriberCount = 0

2024-06-07 11:46:14,098 INFO [long-pulling] client count 0

2024-06-07 11:46:24,023 INFO toNotifyTaskSize = 0

2024-06-07 11:46:24,023 INFO toClientNotifyTaskSize = 0

2024-06-07 11:46:24,025 INFO groupCount = 0, subscriberClientCount = 0, subscriberCount = 0

2024-06-07 11:46:24,099 INFO [long-pulling] client count 0

2024-06-07 11:46:34,024 INFO toNotifyTaskSize = 0

2024-06-07 11:46:34,024 INFO toClientNotifyTaskSize = 0

2024-06-07 11:46:34,027 INFO groupCount = 0, subscriberClientCount = 0, subscriberCount = 0

2024-06-07 11:46:34,101 INFO [long-pulling] client count 0

2024-06-07 11:46:44,025 INFO toNotifyTaskSize = 0

2024-06-07 11:46:44,025 INFO toClientNotifyTaskSize = 0

2024-06-07 11:46:44,028 INFO groupCount = 0, subscriberClientCount = 0, subscriberCount = 0

2024-06-07 11:46:44,102 INFO [long-pulling] client count 0

2024-06-07 11:46:54,026 INFO toNotifyTaskSize = 0

2024-06-07 11:46:54,026 INFO toClientNotifyTaskSize = 0

2024-06-07 11:46:54,028 INFO groupCount = 0, subscriberClientCount = 0, subscriberCount = 0

2024-06-07 11:46:54,103 INFO [long-pulling] client count 0

2024-06-07 11:47:04,027 INFO toNotifyTaskSize = 0

2024-06-07 11:47:04,027 INFO toClientNotifyTaskSize = 0

2024-06-07 11:47:04,030 INFO groupCount = 0, subscriberClientCount = 0, subscriberCount = 0

2024-06-07 11:47:04,103 INFO [long-pulling] client count 0

2024-06-07 11:47:14,027 INFO toNotifyTaskSize = 0

2024-06-07 11:47:14,027 INFO toClientNotifyTaskSize = 0

2024-06-07 11:47:14,031 INFO groupCount = 0, subscriberClientCount = 0, subscriberCount = 0

2024-06-07 11:47:14,104 INFO [long-pulling] client count 0

2024-06-07 11:47:24,029 INFO toNotifyTaskSize = 0

2024-06-07 11:47:24,029 INFO toClientNotifyTaskSize = 0

2024-06-07 11:47:24,033 INFO groupCount = 0, subscriberClientCount = 0, subscriberCount = 0

2024-06-07 11:47:24,105 INFO [long-pulling] client count 0

2024-06-07 11:47:34,030 INFO toNotifyTaskSize = 0

2024-06-07 11:47:34,030 INFO toClientNotifyTaskSize = 0

2024-06-07 11:47:34,035 INFO groupCount = 0, subscriberClientCount = 0, subscriberCount = 0

2024-06-07 11:47:34,106 INFO [long-pulling] client count 0

2024-06-07 11:47:44,031 INFO toNotifyTaskSize = 0

2024-06-07 11:47:44,031 INFO toClientNotifyTaskSize = 0

2024-06-07 11:47:44,037 INFO groupCount = 0, subscriberClientCount = 0, subscriberCount = 0

2024-06-07 11:47:44,108 INFO [long-pulling] client count 0

2024-06-07 11:47:54,032 INFO toNotifyTaskSize = 0

2024-06-07 11:47:54,032 INFO toClientNotifyTaskSize = 0

2024-06-07 11:47:54,038 INFO groupCount = 0, subscriberClientCount = 0, subscriberCount = 0

2024-06-07 11:47:54,109 INFO [long-pulling] client count 0

2024-06-07 11:48:04,033 INFO toNotifyTaskSize = 0

2024-06-07 11:48:04,033 INFO toClientNotifyTaskSize = 0

2024-06-07 11:48:04,039 INFO groupCount = 0, subscriberClientCount = 0, subscriberCount = 0

2024-06-07 11:48:04,109 INFO [long-pulling] client count 0

2024-06-07 11:48:14,033 INFO toNotifyTaskSize = 0

2024-06-07 11:48:14,033 INFO toClientNotifyTaskSize = 0

2024-06-07 11:48:14,040 INFO groupCount = 0, subscriberClientCount = 0, subscriberCount = 0

2024-06-07 11:48:14,110 INFO [long-pulling] client count 0

2024-06-07 11:48:24,035 INFO toNotifyTaskSize = 0

2024-06-07 11:48:24,035 INFO toClientNotifyTaskSize = 0

2024-06-07 11:48:24,041 INFO groupCount = 0, subscriberClientCount = 0, subscriberCount = 0

2024-06-07 11:48:24,111 INFO [long-pulling] client count 0

2024-06-07 11:48:34,037 INFO toNotifyTaskSize = 0

2024-06-07 11:48:34,037 INFO toClientNotifyTaskSize = 0

2024-06-07 11:48:34,043 INFO groupCount = 0, subscriberClientCount = 0, subscriberCount = 0

2024-06-07 11:48:34,112 INFO [long-pulling] client count 0

2024-06-07 11:48:44,038 INFO toNotifyTaskSize = 0

2024-06-07 11:48:44,038 INFO toClientNotifyTaskSize = 0

2024-06-07 11:48:44,044 INFO groupCount = 0, subscriberClientCount = 0, subscriberCount = 0

2024-06-07 11:48:44,113 INFO [long-pulling] client count 0

2024-06-07 11:48:54,039 INFO toNotifyTaskSize = 0

2024-06-07 11:48:54,039 INFO toClientNotifyTaskSize = 0

2024-06-07 11:48:54,044 INFO groupCount = 0, subscriberClientCount = 0, subscriberCount = 0

2024-06-07 11:48:54,114 INFO [long-pulling] client count 0

2024-06-07 11:49:04,040 INFO toNotifyTaskSize = 0

2024-06-07 11:49:04,040 INFO toClientNotifyTaskSize = 0

2024-06-07 11:49:04,045 INFO groupCount = 0, subscriberClientCount = 0, subscriberCount = 0

2024-06-07 11:49:04,115 INFO [long-pulling] client count 0

2024-06-07 11:49:14,041 INFO toNotifyTaskSize = 0

2024-06-07 11:49:14,041 INFO toClientNotifyTaskSize = 0

2024-06-07 11:49:14,046 INFO groupCount = 0, subscriberClientCount = 0, subscriberCount = 0

2024-06-07 11:49:14,116 INFO [long-pulling] client count 0

2024-06-07 11:49:24,042 INFO toNotifyTaskSize = 0

2024-06-07 11:49:24,042 INFO toClientNotifyTaskSize = 0

2024-06-07 11:49:24,047 INFO groupCount = 0, subscriberClientCount = 0, subscriberCount = 0

2024-06-07 11:49:24,117 INFO [long-pulling] client count 0

2024-06-07 11:49:34,043 INFO toNotifyTaskSize = 0

2024-06-07 11:49:34,043 INFO toClientNotifyTaskSize = 0

2024-06-07 11:49:34,048 INFO groupCount = 0, subscriberClientCount = 0, subscriberCount = 0

2024-06-07 11:49:34,117 INFO [long-pulling] client count 0

2024-06-07 11:49:44,044 INFO toNotifyTaskSize = 0

2024-06-07 11:49:44,044 INFO toClientNotifyTaskSize = 0

2024-06-07 11:49:44,048 INFO groupCount = 0, subscriberClientCount = 0, subscriberCount = 0

2024-06-07 11:49:44,119 INFO [long-pulling] client count 0

2024-06-07 11:49:54,044 INFO toNotifyTaskSize = 0

2024-06-07 11:49:54,044 INFO toClientNotifyTaskSize = 0

2024-06-07 11:49:54,050 INFO groupCount = 0, subscriberClientCount = 0, subscriberCount = 0

2024-06-07 11:49:54,121 INFO [long-pulling] client count 0

2024-06-07 11:50:04,044 INFO toNotifyTaskSize = 0

2024-06-07 11:50:04,044 INFO toClientNotifyTaskSize = 0

2024-06-07 11:50:04,051 INFO groupCount = 0, subscriberClientCount = 0, subscriberCount = 0

2024-06-07 11:50:04,122 INFO [long-pulling] client count 0

2024-06-07 11:50:14,045 INFO toNotifyTaskSize = 0

2024-06-07 11:50:14,045 INFO toClientNotifyTaskSize = 0

2024-06-07 11:50:14,052 INFO groupCount = 0, subscriberClientCount = 0, subscriberCount = 0

2024-06-07 11:50:14,123 INFO [long-pulling] client count 0

2024-06-07 11:50:24,047 INFO toNotifyTaskSize = 0

2024-06-07 11:50:24,047 INFO toClientNotifyTaskSize = 0

2024-06-07 11:50:24,053 INFO groupCount = 0, subscriberClientCount = 0, subscriberCount = 0

2024-06-07 11:50:24,124 INFO [long-pulling] client count 0

2024-06-07 11:50:34,048 INFO toNotifyTaskSize = 0

2024-06-07 11:50:34,048 INFO toClientNotifyTaskSize = 0

2024-06-07 11:50:34,054 INFO groupCount = 0, subscriberClientCount = 0, subscriberCount = 0

2024-06-07 11:50:34,125 INFO [long-pulling] client count 0

2024-06-07 11:50:44,048 INFO toNotifyTaskSize = 0

2024-06-07 11:50:44,048 INFO toClientNotifyTaskSize = 0

2024-06-07 11:50:44,054 INFO groupCount = 0, subscriberClientCount = 0, subscriberCount = 0

2024-06-07 11:50:44,127 INFO [long-pulling] client count 0

2024-06-07 11:50:54,049 INFO toNotifyTaskSize = 0

2024-06-07 11:50:54,049 INFO toClientNotifyTaskSize = 0

2024-06-07 11:50:54,055 INFO groupCount = 0, subscriberClientCount = 0, subscriberCount = 0

2024-06-07 11:50:54,128 INFO [long-pulling] client count 0

2024-06-07 11:51:04,050 INFO toNotifyTaskSize = 0

2024-06-07 11:51:04,050 INFO toClientNotifyTaskSize = 0

2024-06-07 11:51:04,056 INFO groupCount = 0, subscriberClientCount = 0, subscriberCount = 0

2024-06-07 11:51:04,129 INFO [long-pulling] client count 0

2024-06-07 11:51:14,050 INFO toNotifyTaskSize = 0

2024-06-07 11:51:14,050 INFO toClientNotifyTaskSize = 0

2024-06-07 11:51:14,057 INFO groupCount = 0, subscriberClientCount = 0, subscriberCount = 0

2024-06-07 11:51:14,130 INFO [long-pulling] client count 0

2024-06-07 11:51:24,051 INFO toNotifyTaskSize = 0

2024-06-07 11:51:24,051 INFO toClientNotifyTaskSize = 0

2024-06-07 11:51:24,058 INFO groupCount = 0, subscriberClientCount = 0, subscriberCount = 0

2024-06-07 11:51:24,131 INFO [long-pulling] client count 0

2024-06-07 11:51:34,053 INFO toNotifyTaskSize = 0

2024-06-07 11:51:34,053 INFO toClientNotifyTaskSize = 0

2024-06-07 11:51:34,060 INFO groupCount = 0, subscriberClientCount = 0, subscriberCount = 0

2024-06-07 11:51:34,131 INFO [long-pulling] client count 0

2024-06-07 11:51:44,056 INFO toNotifyTaskSize = 0

2024-06-07 11:51:44,056 INFO toClientNotifyTaskSize = 0

2024-06-07 11:51:44,061 INFO groupCount = 0, subscriberClientCount = 0, subscriberCount = 0

2024-06-07 11:51:44,132 INFO [long-pulling] client count 0

2024-06-07 11:51:54,056 INFO toNotifyTaskSize = 0

2024-06-07 11:51:54,056 INFO toClientNotifyTaskSize = 0

2024-06-07 11:51:54,062 INFO groupCount = 0, subscriberClientCount = 0, subscriberCount = 0

2024-06-07 11:51:54,134 INFO [long-pulling] client count 0

2024-06-07 11:52:04,057 INFO toNotifyTaskSize = 0

2024-06-07 11:52:04,057 INFO toClientNotifyTaskSize = 0

2024-06-07 11:52:04,063 INFO groupCount = 0, subscriberClientCount = 0, subscriberCount = 0

2024-06-07 11:52:04,135 INFO [long-pulling] client count 0

2024-06-07 11:52:14,057 INFO toNotifyTaskSize = 0

2024-06-07 11:52:14,057 INFO toClientNotifyTaskSize = 0

2024-06-07 11:52:14,063 INFO groupCount = 0, subscriberClientCount = 0, subscriberCount = 0

2024-06-07 11:52:14,135 INFO [long-pulling] client count 0

2024-06-07 11:52:24,058 INFO toNotifyTaskSize = 0

2024-06-07 11:52:24,058 INFO toClientNotifyTaskSize = 0

2024-06-07 11:52:24,064 INFO groupCount = 0, subscriberClientCount = 0, subscriberCount = 0

2024-06-07 11:52:24,136 INFO [long-pulling] client count 0

2024-06-07 11:52:34,058 INFO toNotifyTaskSize = 0

2024-06-07 11:52:34,058 INFO toClientNotifyTaskSize = 0

2024-06-07 11:52:34,064 INFO groupCount = 0, subscriberClientCount = 0, subscriberCount = 0

2024-06-07 11:52:34,137 INFO [long-pulling] client count 0

2024-06-07 11:52:44,059 INFO toNotifyTaskSize = 0

2024-06-07 11:52:44,059 INFO toClientNotifyTaskSize = 0

2024-06-07 11:52:44,065 INFO groupCount = 0, subscriberClientCount = 0, subscriberCount = 0

2024-06-07 11:52:44,139 INFO [long-pulling] client count 0

2024-06-07 11:52:54,059 INFO toNotifyTaskSize = 0

2024-06-07 11:52:54,059 INFO toClientNotifyTaskSize = 0

2024-06-07 11:52:54,067 INFO groupCount = 0, subscriberClientCount = 0, subscriberCount = 0

2024-06-07 11:52:54,139 INFO [long-pulling] client count 0

2024-06-07 11:53:04,060 INFO toNotifyTaskSize = 0

2024-06-07 11:53:04,060 INFO toClientNotifyTaskSize = 0

2024-06-07 11:53:04,068 INFO groupCount = 0, subscriberClientCount = 0, subscriberCount = 0

2024-06-07 11:53:04,140 INFO [long-pulling] client count 0

2024-06-07 11:53:14,060 INFO toNotifyTaskSize = 0

2024-06-07 11:53:14,060 INFO toClientNotifyTaskSize = 0

2024-06-07 11:53:14,070 INFO groupCount = 0, subscriberClientCount = 0, subscriberCount = 0

2024-06-07 11:53:14,142 INFO [long-pulling] client count 0

2024-06-07 11:53:24,062 INFO toNotifyTaskSize = 0

2024-06-07 11:53:24,062 INFO toClientNotifyTaskSize = 0

2024-06-07 11:53:24,072 INFO groupCount = 0, subscriberClientCount = 0, subscriberCount = 0

2024-06-07 11:53:24,142 INFO [long-pulling] client count 0

2024-06-07 11:53:34,063 INFO toNotifyTaskSize = 0

2024-06-07 11:53:34,063 INFO toClientNotifyTaskSize = 0

2024-06-07 11:53:34,073 INFO groupCount = 0, subscriberClientCount = 0, subscriberCount = 0

2024-06-07 11:53:34,144 INFO [long-pulling] client count 0

2024-06-07 11:53:44,064 INFO toNotifyTaskSize = 0

2024-06-07 11:53:44,064 INFO toClientNotifyTaskSize = 0

2024-06-07 11:53:44,075 INFO groupCount = 0, subscriberClientCount = 0, subscriberCount = 0

2024-06-07 11:53:44,145 INFO [long-pulling] client count 0

2024-06-07 11:53:54,064 INFO toNotifyTaskSize = 0

2024-06-07 11:53:54,064 INFO toClientNotifyTaskSize = 0

2024-06-07 11:53:54,076 INFO groupCount = 0, subscriberClientCount = 0, subscriberCount = 0

2024-06-07 11:53:54,145 INFO [long-pulling] client count 0

2024-06-07 11:54:04,066 INFO toNotifyTaskSize = 0

2024-06-07 11:54:04,066 INFO toClientNotifyTaskSize = 0

2024-06-07 11:54:04,077 INFO groupCount = 0, subscriberClientCount = 0, subscriberCount = 0

2024-06-07 11:54:04,146 INFO [long-pulling] client count 0

2024-06-07 11:54:14,067 INFO toNotifyTaskSize = 0

2024-06-07 11:54:14,067 INFO toClientNotifyTaskSize = 0

2024-06-07 11:54:14,078 INFO groupCount = 0, subscriberClientCount = 0, subscriberCount = 0

2024-06-07 11:54:14,147 INFO [long-pulling] client count 0

2024-06-07 11:54:24,068 INFO toNotifyTaskSize = 0

2024-06-07 11:54:24,068 INFO toClientNotifyTaskSize = 0

2024-06-07 11:54:24,078 INFO groupCount = 0, subscriberClientCount = 0, subscriberCount = 0

2024-06-07 11:54:24,148 INFO [long-pulling] client count 0

2024-06-07 11:54:34,069 INFO toNotifyTaskSize = 0

2024-06-07 11:54:34,069 INFO toClientNotifyTaskSize = 0

2024-06-07 11:54:34,080 INFO groupCount = 0, subscriberClientCount = 0, subscriberCount = 0

2024-06-07 11:54:34,148 INFO [long-pulling] client count 0

2024-06-07 11:54:44,070 INFO toNotifyTaskSize = 0

2024-06-07 11:54:44,070 INFO toClientNotifyTaskSize = 0

2024-06-07 11:54:44,080 INFO groupCount = 0, subscriberClientCount = 0, subscriberCount = 0

2024-06-07 11:54:44,149 INFO [long-pulling] client count 0

2024-06-07 11:54:54,071 INFO toNotifyTaskSize = 0

2024-06-07 11:54:54,071 INFO toClientNotifyTaskSize = 0

2024-06-07 11:54:54,081 INFO groupCount = 0, subscriberClientCount = 0, subscriberCount = 0

2024-06-07 11:54:54,151 INFO [long-pulling] client count 0

2024-06-07 11:55:04,073 INFO toNotifyTaskSize = 0

2024-06-07 11:55:04,073 INFO toClientNotifyTaskSize = 0

2024-06-07 11:55:04,081 INFO groupCount = 0, subscriberClientCount = 0, subscriberCount = 0

2024-06-07 11:55:04,154 INFO [long-pulling] client count 0

2024-06-07 11:55:14,073 INFO toNotifyTaskSize = 0

2024-06-07 11:55:14,073 INFO toClientNotifyTaskSize = 0

2024-06-07 11:55:14,081 INFO groupCount = 0, subscriberClientCount = 0, subscriberCount = 0

2024-06-07 11:55:14,156 INFO [long-pulling] client count 0

2024-06-07 11:55:24,074 INFO toNotifyTaskSize = 0

2024-06-07 11:55:24,074 INFO toClientNotifyTaskSize = 0

2024-06-07 11:55:24,083 INFO groupCount = 0, subscriberClientCount = 0, subscriberCount = 0

2024-06-07 11:55:24,156 INFO [long-pulling] client count 0

2024-06-07 11:55:34,074 INFO toNotifyTaskSize = 0

2024-06-07 11:55:34,074 INFO toClientNotifyTaskSize = 0

2024-06-07 11:55:34,083 INFO groupCount = 0, subscriberClientCount = 0, subscriberCount = 0

2024-06-07 11:55:34,157 INFO [long-pulling] client count 0

2024-06-07 11:55:44,077 INFO toNotifyTaskSize = 0

2024-06-07 11:55:44,077 INFO toClientNotifyTaskSize = 0

2024-06-07 11:55:44,085 INFO groupCount = 0, subscriberClientCount = 0, subscriberCount = 0

2024-06-07 11:55:44,158 INFO [long-pulling] client count 0

2024-06-07 11:55:54,077 INFO toNotifyTaskSize = 0

2024-06-07 11:55:54,077 INFO toClientNotifyTaskSize = 0

2024-06-07 11:55:54,085 INFO groupCount = 0, subscriberClientCount = 0, subscriberCount = 0

2024-06-07 11:55:54,160 INFO [long-pulling] client count 0

2024-06-07 11:56:04,078 INFO toNotifyTaskSize = 0

2024-06-07 11:56:04,078 INFO toClientNotifyTaskSize = 0

2024-06-07 11:56:04,087 INFO groupCount = 0, subscriberClientCount = 0, subscriberCount = 0

2024-06-07 11:56:04,162 INFO [long-pulling] client count 0

2024-06-07 11:56:14,079 INFO toNotifyTaskSize = 0

2024-06-07 11:56:14,079 INFO toClientNotifyTaskSize = 0

2024-06-07 11:56:14,089 INFO groupCount = 0, subscriberClientCount = 0, subscriberCount = 0

2024-06-07 11:56:14,163 INFO [long-pulling] client count 0

2024-06-07 11:56:24,079 INFO toNotifyTaskSize = 0

2024-06-07 11:56:24,079 INFO toClientNotifyTaskSize = 0

2024-06-07 11:56:24,090 INFO groupCount = 0, subscriberClientCount = 0, subscriberCount = 0

2024-06-07 11:56:24,164 INFO [long-pulling] client count 0

2024-06-07 11:56:34,081 INFO toNotifyTaskSize = 0

2024-06-07 11:56:34,081 INFO toClientNotifyTaskSize = 0

2024-06-07 11:56:34,091 INFO groupCount = 0, subscriberClientCount = 0, subscriberCount = 0

2024-06-07 11:56:34,166 INFO [long-pulling] client count 0

2024-06-07 11:56:44,082 INFO toNotifyTaskSize = 0

2024-06-07 11:56:44,082 INFO toClientNotifyTaskSize = 0

2024-06-07 11:56:44,092 INFO groupCount = 0, subscriberClientCount = 0, subscriberCount = 0

2024-06-07 11:56:44,167 INFO [long-pulling] client count 0

2024-06-07 11:56:54,082 INFO toNotifyTaskSize = 0

2024-06-07 11:56:54,082 INFO toClientNotifyTaskSize = 0

2024-06-07 11:56:54,092 INFO groupCount = 0, subscriberClientCount = 0, subscriberCount = 0

2024-06-07 11:56:54,168 INFO [long-pulling] client count 0

2024-06-07 11:57:04,084 INFO toNotifyTaskSize = 0

2024-06-07 11:57:04,085 INFO toClientNotifyTaskSize = 0

2024-06-07 11:57:04,093 INFO groupCount = 0, subscriberClientCount = 0, subscriberCount = 0

2024-06-07 11:57:04,170 INFO [long-pulling] client count 0

2024-06-07 11:57:14,086 INFO toNotifyTaskSize = 0

2024-06-07 11:57:14,086 INFO toClientNotifyTaskSize = 0

2024-06-07 11:57:14,094 INFO groupCount = 0, subscriberClientCount = 0, subscriberCount = 0

2024-06-07 11:57:14,171 INFO [long-pulling] client count 0

2024-06-07 11:57:24,086 INFO toNotifyTaskSize = 0

2024-06-07 11:57:24,086 INFO toClientNotifyTaskSize = 0

2024-06-07 11:57:24,094 INFO groupCount = 0, subscriberClientCount = 0, subscriberCount = 0

2024-06-07 11:57:24,173 INFO [long-pulling] client count 0

2024-06-07 11:57:34,087 INFO toNotifyTaskSize = 0

2024-06-07 11:57:34,087 INFO toClientNotifyTaskSize = 0

2024-06-07 11:57:34,096 INFO groupCount = 0, subscriberClientCount = 0, subscriberCount = 0

2024-06-07 11:57:34,174 INFO [long-pulling] client count 0

2024-06-07 11:57:44,088 INFO toNotifyTaskSize = 0

2024-06-07 11:57:44,088 INFO toClientNotifyTaskSize = 0

2024-06-07 11:57:44,098 INFO groupCount = 0, subscriberClientCount = 0, subscriberCount = 0

2024-06-07 11:57:44,175 INFO [long-pulling] client count 0

2024-06-07 11:57:54,090 INFO toNotifyTaskSize = 0

2024-06-07 11:57:54,090 INFO toClientNotifyTaskSize = 0

2024-06-07 11:57:54,099 INFO groupCount = 0, subscriberClientCount = 0, subscriberCount = 0

2024-06-07 11:57:54,176 INFO [long-pulling] client count 0

2024-06-07 11:58:04,091 INFO toNotifyTaskSize = 0

2024-06-07 11:58:04,091 INFO toClientNotifyTaskSize = 0

2024-06-07 11:58:04,101 INFO groupCount = 0, subscriberClientCount = 0, subscriberCount = 0

2024-06-07 11:58:04,177 INFO [long-pulling] client count 0

2024-06-07 11:58:14,094 INFO toNotifyTaskSize = 0

2024-06-07 11:58:14,094 INFO toClientNotifyTaskSize = 0

2024-06-07 11:58:14,101 INFO groupCount = 0, subscriberClientCount = 0, subscriberCount = 0

2024-06-07 11:58:14,178 INFO [long-pulling] client count 0

2024-06-07 11:58:24,095 INFO toNotifyTaskSize = 0

2024-06-07 11:58:24,095 INFO toClientNotifyTaskSize = 0

2024-06-07 11:58:24,102 INFO groupCount = 0, subscriberClientCount = 0, subscriberCount = 0

2024-06-07 11:58:24,180 INFO [long-pulling] client count 0

2024-06-07 11:58:34,096 INFO toNotifyTaskSize = 0

2024-06-07 11:58:34,096 INFO toClientNotifyTaskSize = 0

2024-06-07 11:58:34,104 INFO groupCount = 0, subscriberClientCount = 0, subscriberCount = 0

2024-06-07 11:58:34,180 INFO [long-pulling] client count 0

2024-06-07 11:58:44,096 INFO toNotifyTaskSize = 0

2024-06-07 11:58:44,096 INFO toClientNotifyTaskSize = 0

2024-06-07 11:58:44,104 INFO groupCount = 0, subscriberClientCount = 0, subscriberCount = 0

2024-06-07 11:58:44,182 INFO [long-pulling] client count 0

2024-06-07 11:58:54,097 INFO toNotifyTaskSize = 0

2024-06-07 11:58:54,097 INFO toClientNotifyTaskSize = 0

2024-06-07 11:58:54,105 INFO groupCount = 0, subscriberClientCount = 0, subscriberCount = 0

2024-06-07 11:58:54,183 INFO [long-pulling] client count 0

2024-06-07 11:59:04,098 INFO toNotifyTaskSize = 0

2024-06-07 11:59:04,098 INFO toClientNotifyTaskSize = 0

2024-06-07 11:59:04,107 INFO groupCount = 0, subscriberClientCount = 0, subscriberCount = 0

2024-06-07 11:59:04,184 INFO [long-pulling] client count 0

2024-06-07 11:59:14,098 INFO toNotifyTaskSize = 0

2024-06-07 11:59:14,098 INFO toClientNotifyTaskSize = 0

2024-06-07 11:59:14,108 INFO groupCount = 0, subscriberClientCount = 0, subscriberCount = 0

2024-06-07 11:59:14,184 INFO [long-pulling] client count 0

2024-06-07 11:59:24,100 INFO toNotifyTaskSize = 0

2024-06-07 11:59:24,100 INFO toClientNotifyTaskSize = 0

2024-06-07 11:59:24,108 INFO groupCount = 0, subscriberClientCount = 0, subscriberCount = 0

2024-06-07 11:59:24,186 INFO [long-pulling] client count 0

2024-06-07 11:59:34,101 INFO toNotifyTaskSize = 0

2024-06-07 11:59:34,101 INFO toClientNotifyTaskSize = 0

2024-06-07 11:59:34,109 INFO groupCount = 0, subscriberClientCount = 0, subscriberCount = 0

2024-06-07 11:59:34,187 INFO [long-pulling] client count 0

2024-06-07 11:59:44,101 INFO toNotifyTaskSize = 0

2024-06-07 11:59:44,101 INFO toClientNotifyTaskSize = 0

2024-06-07 11:59:44,109 INFO groupCount = 0, subscriberClientCount = 0, subscriberCount = 0

2024-06-07 11:59:44,189 INFO [long-pulling] client count 0

2024-06-07 11:59:54,103 INFO toNotifyTaskSize = 0

2024-06-07 11:59:54,103 INFO toClientNotifyTaskSize = 0

2024-06-07 11:59:54,111 INFO groupCount = 0, subscriberClientCount = 0, subscriberCount = 0

2024-06-07 11:59:54,189 INFO [long-pulling] client count 0

2024-06-07 12:00:04,104 INFO toNotifyTaskSize = 0

2024-06-07 12:00:04,104 INFO toClientNotifyTaskSize = 0

2024-06-07 12:00:04,112 INFO groupCount = 0, subscriberClientCount = 0, subscriberCount = 0

2024-06-07 12:00:04,191 INFO [long-pulling] client count 0

2024-06-07 12:00:14,105 INFO toNotifyTaskSize = 0

2024-06-07 12:00:14,105 INFO toClientNotifyTaskSize = 0

2024-06-07 12:00:14,114 INFO groupCount = 0, subscriberClientCount = 0, subscriberCount = 0

2024-06-07 12:00:14,192 INFO [long-pulling] client count 0

2024-06-07 12:00:24,106 INFO toNotifyTaskSize = 0

2024-06-07 12:00:24,106 INFO toClientNotifyTaskSize = 0

2024-06-07 12:00:24,115 INFO groupCount = 0, subscriberClientCount = 0, subscriberCount = 0

2024-06-07 12:00:24,193 INFO [long-pulling] client count 0

2024-06-07 12:00:34,107 INFO toNotifyTaskSize = 0

2024-06-07 12:00:34,107 INFO toClientNotifyTaskSize = 0

2024-06-07 12:00:34,117 INFO groupCount = 0, subscriberClientCount = 0, subscriberCount = 0

2024-06-07 12:00:34,195 INFO [long-pulling] client count 0

2024-06-07 12:00:44,108 INFO toNotifyTaskSize = 0

2024-06-07 12:00:44,108 INFO toClientNotifyTaskSize = 0

2024-06-07 12:00:44,118 INFO groupCount = 0, subscriberClientCount = 0, subscriberCount = 0

2024-06-07 12:00:44,195 INFO [long-pulling] client count 0

2024-06-07 12:00:54,108 INFO toNotifyTaskSize = 0

2024-06-07 12:00:54,108 INFO toClientNotifyTaskSize = 0

2024-06-07 12:00:54,119 INFO groupCount = 0, subscriberClientCount = 0, subscriberCount = 0

2024-06-07 12:00:54,196 INFO [long-pulling] client count 0

2024-06-07 12:01:04,109 INFO toNotifyTaskSize = 0

2024-06-07 12:01:04,109 INFO toClientNotifyTaskSize = 0

2024-06-07 12:01:04,120 INFO groupCount = 0, subscriberClientCount = 0, subscriberCount = 0

2024-06-07 12:01:04,197 INFO [long-pulling] client count 0

2024-06-07 12:01:14,110 INFO toNotifyTaskSize = 0

2024-06-07 12:01:14,110 INFO toClientNotifyTaskSize = 0

2024-06-07 12:01:14,120 INFO groupCount = 0, subscriberClientCount = 0, subscriberCount = 0

2024-06-07 12:01:14,197 INFO [long-pulling] client count 0

2024-06-07 12:01:24,112 INFO toNotifyTaskSize = 0

2024-06-07 12:01:24,112 INFO toClientNotifyTaskSize = 0

2024-06-07 12:01:24,122 INFO groupCount = 0, subscriberClientCount = 0, subscriberCount = 0

2024-06-07 12:01:24,199 INFO [long-pulling] client count 0

2024-06-07 12:01:34,113 INFO toNotifyTaskSize = 0

2024-06-07 12:01:34,113 INFO toClientNotifyTaskSize = 0

2024-06-07 12:01:34,124 INFO groupCount = 0, subscriberClientCount = 0, subscriberCount = 0

2024-06-07 12:01:34,199 INFO [long-pulling] client count 0

2024-06-07 12:01:44,113 INFO toNotifyTaskSize = 0

2024-06-07 12:01:44,113 INFO toClientNotifyTaskSize = 0

2024-06-07 12:01:44,125 INFO groupCount = 0, subscriberClientCount = 0, subscriberCount = 0

2024-06-07 12:01:44,200 INFO [long-pulling] client count 0

2024-06-07 12:01:54,115 INFO toNotifyTaskSize = 0

2024-06-07 12:01:54,115 INFO toClientNotifyTaskSize = 0

2024-06-07 12:01:54,127 INFO groupCount = 0, subscriberClientCount = 0, subscriberCount = 0

2024-06-07 12:01:54,202 INFO [long-pulling] client count 0

2024-06-07 12:02:04,117 INFO toNotifyTaskSize = 0

2024-06-07 12:02:04,117 INFO toClientNotifyTaskSize = 0

2024-06-07 12:02:04,128 INFO groupCount = 0, subscriberClientCount = 0, subscriberCount = 0

2024-06-07 12:02:04,203 INFO [long-pulling] client count 0

2024-06-07 12:02:14,119 INFO toNotifyTaskSize = 0

2024-06-07 12:02:14,119 INFO toClientNotifyTaskSize = 0

2024-06-07 12:02:14,129 INFO groupCount = 0, subscriberClientCount = 0, subscriberCount = 0

2024-06-07 12:02:14,204 INFO [long-pulling] client count 0

2024-06-07 12:02:24,121 INFO toNotifyTaskSize = 0

2024-06-07 12:02:24,121 INFO toClientNotifyTaskSize = 0

2024-06-07 12:02:24,130 INFO groupCount = 0, subscriberClientCount = 0, subscriberCount = 0

2024-06-07 12:02:24,205 INFO [long-pulling] client count 0

2024-06-07 12:02:34,121 INFO toNotifyTaskSize = 0

2024-06-07 12:02:34,121 INFO toClientNotifyTaskSize = 0

2024-06-07 12:02:34,130 INFO groupCount = 0, subscriberClientCount = 0, subscriberCount = 0

2024-06-07 12:02:34,205 INFO [long-pulling] client count 0

2024-06-07 12:02:44,122 INFO toNotifyTaskSize = 0

2024-06-07 12:02:44,122 INFO toClientNotifyTaskSize = 0

2024-06-07 12:02:44,131 INFO groupCount = 0, subscriberClientCount = 0, subscriberCount = 0

2024-06-07 12:02:44,207 INFO [long-pulling] client count 0

2024-06-07 12:02:54,122 INFO toNotifyTaskSize = 0

2024-06-07 12:02:54,122 INFO toClientNotifyTaskSize = 0

2024-06-07 12:02:54,131 INFO groupCount = 0, subscriberClientCount = 0, subscriberCount = 0

2024-06-07 12:02:54,208 INFO [long-pulling] client count 0

2024-06-07 12:03:04,123 INFO toNotifyTaskSize = 0

2024-06-07 12:03:04,123 INFO toClientNotifyTaskSize = 0

2024-06-07 12:03:04,133 INFO groupCount = 0, subscriberClientCount = 0, subscriberCount = 0

2024-06-07 12:03:04,210 INFO [long-pulling] client count 0

2024-06-07 12:03:14,123 INFO toNotifyTaskSize = 0

2024-06-07 12:03:14,123 INFO toClientNotifyTaskSize = 0

2024-06-07 12:03:14,133 INFO groupCount = 0, subscriberClientCount = 0, subscriberCount = 0

2024-06-07 12:03:14,211 INFO [long-pulling] client count 0

2024-06-07 12:03:24,124 INFO toNotifyTaskSize = 0

2024-06-07 12:03:24,124 INFO toClientNotifyTaskSize = 0

2024-06-07 12:03:24,134 INFO groupCount = 0, subscriberClientCount = 0, subscriberCount = 0

2024-06-07 12:03:24,211 INFO [long-pulling] client count 0

2024-06-07 12:03:34,125 INFO toNotifyTaskSize = 0

2024-06-07 12:03:34,125 INFO toClientNotifyTaskSize = 0

2024-06-07 12:03:34,135 INFO groupCount = 0, subscriberClientCount = 0, subscriberCount = 0

2024-06-07 12:03:34,212 INFO [long-pulling] client count 0

2024-06-07 12:03:44,125 INFO toNotifyTaskSize = 0

2024-06-07 12:03:44,125 INFO toClientNotifyTaskSize = 0

2024-06-07 12:03:44,136 INFO groupCount = 0, subscriberClientCount = 0, subscriberCount = 0

2024-06-07 12:03:44,214 INFO [long-pulling] client count 0

2024-06-07 12:03:54,125 INFO toNotifyTaskSize = 0

2024-06-07 12:03:54,125 INFO toClientNotifyTaskSize = 0

2024-06-07 12:03:54,138 INFO groupCount = 0, subscriberClientCount = 0, subscriberCount = 0

2024-06-07 12:03:54,214 INFO [long-pulling] client count 0

2024-06-07 12:04:04,126 INFO toNotifyTaskSize = 0

2024-06-07 12:04:04,126 INFO toClientNotifyTaskSize = 0

2024-06-07 12:04:04,139 INFO groupCount = 0, subscriberClientCount = 0, subscriberCount = 0

2024-06-07 12:04:04,215 INFO [long-pulling] client count 0

2024-06-07 12:04:14,127 INFO toNotifyTaskSize = 0

2024-06-07 12:04:14,127 INFO toClientNotifyTaskSize = 0

2024-06-07 12:04:14,140 INFO groupCount = 0, subscriberClientCount = 0, subscriberCount = 0

2024-06-07 12:04:14,216 INFO [long-pulling] client count 0

2024-06-07 12:04:24,128 INFO toNotifyTaskSize = 0

2024-06-07 12:04:24,128 INFO toClientNotifyTaskSize = 0

2024-06-07 12:04:24,142 INFO groupCount = 0, subscriberClientCount = 0, subscriberCount = 0

2024-06-07 12:04:24,218 INFO [long-pulling] client count 0

2024-06-07 12:04:34,129 INFO toNotifyTaskSize = 0

2024-06-07 12:04:34,129 INFO toClientNotifyTaskSize = 0

2024-06-07 12:04:34,143 INFO groupCount = 0, subscriberClientCount = 0, subscriberCount = 0

2024-06-07 12:04:34,219 INFO [long-pulling] client count 0

2024-06-07 12:04:44,130 INFO toNotifyTaskSize = 0

2024-06-07 12:04:44,130 INFO toClientNotifyTaskSize = 0

2024-06-07 12:04:44,144 INFO groupCount = 0, subscriberClientCount = 0, subscriberCount = 0

2024-06-07 12:04:44,221 INFO [long-pulling] client count 0

2024-06-07 12:04:54,131 INFO toNotifyTaskSize = 0

2024-06-07 12:04:54,131 INFO toClientNotifyTaskSize = 0

2024-06-07 12:04:54,145 INFO groupCount = 0, subscriberClientCount = 0, subscriberCount = 0

2024-06-07 12:04:54,223 INFO [long-pulling] client count 0

2024-06-07 12:05:04,131 INFO toNotifyTaskSize = 0

2024-06-07 12:05:04,131 INFO toClientNotifyTaskSize = 0

2024-06-07 12:05:04,146 INFO groupCount = 0, subscriberClientCount = 0, subscriberCount = 0

2024-06-07 12:05:04,224 INFO [long-pulling] client count 0

2024-06-07 12:05:14,131 INFO toNotifyTaskSize = 0

2024-06-07 12:05:14,131 INFO toClientNotifyTaskSize = 0

2024-06-07 12:05:14,147 INFO groupCount = 0, subscriberClientCount = 0, subscriberCount = 0

2024-06-07 12:05:14,225 INFO [long-pulling] client count 0

2024-06-07 12:05:24,133 INFO toNotifyTaskSize = 0

2024-06-07 12:05:24,133 INFO toClientNotifyTaskSize = 0

2024-06-07 12:05:24,148 INFO groupCount = 0, subscriberClientCount = 0, subscriberCount = 0

2024-06-07 12:05:24,225 INFO [long-pulling] client count 0

2024-06-07 12:05:34,134 INFO toNotifyTaskSize = 0

2024-06-07 12:05:34,134 INFO toClientNotifyTaskSize = 0

2024-06-07 12:05:34,149 INFO groupCount = 0, subscriberClientCount = 0, subscriberCount = 0

2024-06-07 12:05:34,230 INFO [long-pulling] client count 0

2024-06-07 12:05:44,136 INFO toNotifyTaskSize = 0

2024-06-07 12:05:44,136 INFO toClientNotifyTaskSize = 0

2024-06-07 12:05:44,151 INFO groupCount = 0, subscriberClientCount = 0, subscriberCount = 0

2024-06-07 12:05:44,231 INFO [long-pulling] client count 0

2024-06-07 12:05:54,137 INFO toNotifyTaskSize = 0

2024-06-07 12:05:54,137 INFO toClientNotifyTaskSize = 0

2024-06-07 12:05:54,152 INFO groupCount = 0, subscriberClientCount = 0, subscriberCount = 0

2024-06-07 12:05:54,233 INFO [long-pulling] client count 0

2024-06-07 12:06:04,138 INFO toNotifyTaskSize = 0

2024-06-07 12:06:04,138 INFO toClientNotifyTaskSize = 0

2024-06-07 12:06:04,155 INFO groupCount = 0, subscriberClientCount = 0, subscriberCount = 0

2024-06-07 12:06:04,233 INFO [long-pulling] client count 0

2024-06-07 12:06:14,138 INFO toNotifyTaskSize = 0

2024-06-07 12:06:14,138 INFO toClientNotifyTaskSize = 0

2024-06-07 12:06:14,155 INFO groupCount = 0, subscriberClientCount = 0, subscriberCount = 0

2024-06-07 12:06:14,234 INFO [long-pulling] client count 0

2024-06-07 12:06:24,138 INFO toNotifyTaskSize = 0

2024-06-07 12:06:24,138 INFO toClientNotifyTaskSize = 0

2024-06-07 12:06:24,156 INFO groupCount = 0, subscriberClientCount = 0, subscriberCount = 0

2024-06-07 12:06:24,235 INFO [long-pulling] client count 0

2024-06-07 12:06:34,139 INFO toNotifyTaskSize = 0

2024-06-07 12:06:34,139 INFO toClientNotifyTaskSize = 0

2024-06-07 12:06:34,158 INFO groupCount = 0, subscriberClientCount = 0, subscriberCount = 0

2024-06-07 12:06:34,236 INFO [long-pulling] client count 0

2024-06-07 12:06:44,139 INFO toNotifyTaskSize = 0

2024-06-07 12:06:44,139 INFO toClientNotifyTaskSize = 0

2024-06-07 12:06:44,159 INFO groupCount = 0, subscriberClientCount = 0, subscriberCount = 0

2024-06-07 12:06:44,238 INFO [long-pulling] client count 0

2024-06-07 12:06:54,141 INFO toNotifyTaskSize = 0

2024-06-07 12:06:54,141 INFO toClientNotifyTaskSize = 0

2024-06-07 12:06:54,160 INFO groupCount = 0, subscriberClientCount = 0, subscriberCount = 0

2024-06-07 12:06:54,240 INFO [long-pulling] client count 0

2024-06-07 12:07:04,142 INFO toNotifyTaskSize = 0

2024-06-07 12:07:04,142 INFO toClientNotifyTaskSize = 0

2024-06-07 12:07:04,161 INFO groupCount = 0, subscriberClientCount = 0, subscriberCount = 0

2024-06-07 12:07:04,242 INFO [long-pulling] client count 0

2024-06-07 12:07:14,143 INFO toNotifyTaskSize = 0

2024-06-07 12:07:14,143 INFO toClientNotifyTaskSize = 0

2024-06-07 12:07:14,161 INFO groupCount = 0, subscriberClientCount = 0, subscriberCount = 0

2024-06-07 12:07:14,242 INFO [long-pulling] client count 0

2024-06-07 12:07:24,144 INFO toNotifyTaskSize = 0

2024-06-07 12:07:24,144 INFO toClientNotifyTaskSize = 0

2024-06-07 12:07:24,162 INFO groupCount = 0, subscriberClientCount = 0, subscriberCount = 0

2024-06-07 12:07:24,243 INFO [long-pulling] client count 0

2024-06-07 12:07:34,145 INFO toNotifyTaskSize = 0

2024-06-07 12:07:34,145 INFO toClientNotifyTaskSize = 0

2024-06-07 12:07:34,164 INFO groupCount = 0, subscriberClientCount = 0, subscriberCount = 0

2024-06-07 12:07:34,244 INFO [long-pulling] client count 0

2024-06-07 12:07:44,145 INFO toNotifyTaskSize = 0

2024-06-07 12:07:44,145 INFO toClientNotifyTaskSize = 0

2024-06-07 12:07:44,164 INFO groupCount = 0, subscriberClientCount = 0, subscriberCount = 0

2024-06-07 12:07:44,244 INFO [long-pulling] client count 0

2024-06-07 12:07:54,147 INFO toNotifyTaskSize = 0

2024-06-07 12:07:54,147 INFO toClientNotifyTaskSize = 0

2024-06-07 12:07:54,165 INFO groupCount = 0, subscriberClientCount = 0, subscriberCount = 0

2024-06-07 12:07:54,247 INFO [long-pulling] client count 0

2024-06-07 12:08:04,148 INFO toNotifyTaskSize = 0

2024-06-07 12:08:04,148 INFO toClientNotifyTaskSize = 0

2024-06-07 12:08:04,166 INFO groupCount = 0, subscriberClientCount = 0, subscriberCount = 0

2024-06-07 12:08:04,248 INFO [long-pulling] client count 0

2024-06-07 12:08:14,150 INFO toNotifyTaskSize = 0

2024-06-07 12:08:14,150 INFO toClientNotifyTaskSize = 0

2024-06-07 12:08:14,167 INFO groupCount = 0, subscriberClientCount = 0, subscriberCount = 0

2024-06-07 12:08:14,249 INFO [long-pulling] client count 0

2024-06-07 12:08:24,151 INFO toNotifyTaskSize = 0

2024-06-07 12:08:24,151 INFO toClientNotifyTaskSize = 0

2024-06-07 12:08:24,168 INFO groupCount = 0, subscriberClientCount = 0, subscriberCount = 0

2024-06-07 12:08:24,250 INFO [long-pulling] client count 0

2024-06-07 12:08:34,152 INFO toNotifyTaskSize = 0

2024-06-07 12:08:34,152 INFO toClientNotifyTaskSize = 0

2024-06-07 12:08:34,169 INFO groupCount = 0, subscriberClientCount = 0, subscriberCount = 0

2024-06-07 12:08:34,250 INFO [long-pulling] client count 0

2024-06-07 12:08:44,152 INFO toNotifyTaskSize = 0

2024-06-07 12:08:44,152 INFO toClientNotifyTaskSize = 0

2024-06-07 12:08:44,170 INFO groupCount = 0, subscriberClientCount = 0, subscriberCount = 0

2024-06-07 12:08:44,252 INFO [long-pulling] client count 0

2024-06-07 12:08:54,154 INFO toNotifyTaskSize = 0

2024-06-07 12:08:54,154 INFO toClientNotifyTaskSize = 0

2024-06-07 12:08:54,172 INFO groupCount = 0, subscriberClientCount = 0, subscriberCount = 0

2024-06-07 12:08:54,253 INFO [long-pulling] client count 0

2024-06-07 12:09:04,154 INFO toNotifyTaskSize = 0

2024-06-07 12:09:04,154 INFO toClientNotifyTaskSize = 0

2024-06-07 12:09:04,173 INFO groupCount = 0, subscriberClientCount = 0, subscriberCount = 0

2024-06-07 12:09:04,254 INFO [long-pulling] client count 0

2024-06-07 12:09:14,154 INFO toNotifyTaskSize = 0

2024-06-07 12:09:14,154 INFO toClientNotifyTaskSize = 0

2024-06-07 12:09:14,174 INFO groupCount = 0, subscriberClientCount = 0, subscriberCount = 0

2024-06-07 12:09:14,254 INFO [long-pulling] client count 0

2024-06-07 12:09:24,156 INFO toNotifyTaskSize = 0

2024-06-07 12:09:24,156 INFO toClientNotifyTaskSize = 0

2024-06-07 12:09:24,176 INFO groupCount = 0, subscriberClientCount = 0, subscriberCount = 0

2024-06-07 12:09:24,255 INFO [long-pulling] client count 0

2024-06-07 12:09:34,157 INFO toNotifyTaskSize = 0

2024-06-07 12:09:34,157 INFO toClientNotifyTaskSize = 0

2024-06-07 12:09:34,178 INFO groupCount = 0, subscriberClientCount = 0, subscriberCount = 0

2024-06-07 12:09:34,256 INFO [long-pulling] client count 0

2024-06-07 12:09:44,159 INFO toNotifyTaskSize = 0

2024-06-07 12:09:44,159 INFO toClientNotifyTaskSize = 0

2024-06-07 12:09:44,179 INFO groupCount = 0, subscriberClientCount = 0, subscriberCount = 0

2024-06-07 12:09:44,257 INFO [long-pulling] client count 0

2024-06-07 12:09:54,160 INFO toNotifyTaskSize = 0

2024-06-07 12:09:54,160 INFO toClientNotifyTaskSize = 0

2024-06-07 12:09:54,180 INFO groupCount = 0, subscriberClientCount = 0, subscriberCount = 0

2024-06-07 12:09:54,257 INFO [long-pulling] client count 0

2024-06-07 12:10:04,161 INFO toNotifyTaskSize = 0

2024-06-07 12:10:04,161 INFO toClientNotifyTaskSize = 0

2024-06-07 12:10:04,181 INFO groupCount = 0, subscriberClientCount = 0, subscriberCount = 0

2024-06-07 12:10:04,259 INFO [long-pulling] client count 0

2024-06-07 12:10:14,162 INFO toNotifyTaskSize = 0

2024-06-07 12:10:14,162 INFO toClientNotifyTaskSize = 0

2024-06-07 12:10:14,181 INFO groupCount = 0, subscriberClientCount = 0, subscriberCount = 0

2024-06-07 12:10:14,260 INFO [long-pulling] client count 0

2024-06-07 12:10:24,162 INFO toNotifyTaskSize = 0

2024-06-07 12:10:24,162 INFO toClientNotifyTaskSize = 0

2024-06-07 12:10:24,183 INFO groupCount = 0, subscriberClientCount = 0, subscriberCount = 0

2024-06-07 12:10:24,261 INFO [long-pulling] client count 0

2024-06-07 12:10:34,164 INFO toNotifyTaskSize = 0

2024-06-07 12:10:34,164 INFO toClientNotifyTaskSize = 0

2024-06-07 12:10:34,184 INFO groupCount = 0, subscriberClientCount = 0, subscriberCount = 0

2024-06-07 12:10:34,261 INFO [long-pulling] client count 0

2024-06-07 12:10:44,165 INFO toNotifyTaskSize = 0

2024-06-07 12:10:44,165 INFO toClientNotifyTaskSize = 0

2024-06-07 12:10:44,185 INFO groupCount = 0, subscriberClientCount = 0, subscriberCount = 0

2024-06-07 12:10:44,262 INFO [long-pulling] client count 0

2024-06-07 12:10:54,165 INFO toNotifyTaskSize = 0

2024-06-07 12:10:54,165 INFO toClientNotifyTaskSize = 0

2024-06-07 12:10:54,186 INFO groupCount = 0, subscriberClientCount = 0, subscriberCount = 0

2024-06-07 12:10:54,264 INFO [long-pulling] client count 0

2024-06-07 12:11:04,166 INFO toNotifyTaskSize = 0

2024-06-07 12:11:04,166 INFO toClientNotifyTaskSize = 0

2024-06-07 12:11:04,188 INFO groupCount = 0, subscriberClientCount = 0, subscriberCount = 0

2024-06-07 12:11:04,264 INFO [long-pulling] client count 0

2024-06-07 12:11:14,166 INFO toNotifyTaskSize = 0

2024-06-07 12:11:14,166 INFO toClientNotifyTaskSize = 0

2024-06-07 12:11:14,189 INFO groupCount = 0, subscriberClientCount = 0, subscriberCount = 0

2024-06-07 12:11:14,265 INFO [long-pulling] client count 0

2024-06-07 12:11:24,167 INFO toNotifyTaskSize = 0

2024-06-07 12:11:24,167 INFO toClientNotifyTaskSize = 0

2024-06-07 12:11:24,191 INFO groupCount = 0, subscriberClientCount = 0, subscriberCount = 0

2024-06-07 12:11:24,267 INFO [long-pulling] client count 0

2024-06-07 12:11:34,167 INFO toNotifyTaskSize = 0

2024-06-07 12:11:34,167 INFO toClientNotifyTaskSize = 0

2024-06-07 12:11:34,192 INFO groupCount = 0, subscriberClientCount = 0, subscriberCount = 0

2024-06-07 12:11:34,268 INFO [long-pulling] client count 0

2024-06-07 12:11:44,168 INFO toNotifyTaskSize = 0

2024-06-07 12:11:44,168 INFO toClientNotifyTaskSize = 0

2024-06-07 12:11:44,193 INFO groupCount = 0, subscriberClientCount = 0, subscriberCount = 0

2024-06-07 12:11:44,269 INFO [long-pulling] client count 0

2024-06-07 12:11:54,168 INFO toNotifyTaskSize = 0

2024-06-07 12:11:54,168 INFO toClientNotifyTaskSize = 0

2024-06-07 12:11:54,194 INFO groupCount = 0, subscriberClientCount = 0, subscriberCount = 0

2024-06-07 12:11:54,269 INFO [long-pulling] client count 0

2024-06-07 12:12:04,169 INFO toNotifyTaskSize = 0

2024-06-07 12:12:04,169 INFO toClientNotifyTaskSize = 0

2024-06-07 12:12:04,196 INFO groupCount = 0, subscriberClientCount = 0, subscriberCount = 0

2024-06-07 12:12:04,270 INFO [long-pulling] client count 0

2024-06-07 12:12:14,170 INFO toNotifyTaskSize = 0

2024-06-07 12:12:14,170 INFO toClientNotifyTaskSize = 0

2024-06-07 12:12:14,197 INFO groupCount = 0, subscriberClientCount = 0, subscriberCount = 0

2024-06-07 12:12:14,271 INFO [long-pulling] client count 0

2024-06-07 12:12:24,170 INFO toNotifyTaskSize = 0

2024-06-07 12:12:24,170 INFO toClientNotifyTaskSize = 0

2024-06-07 12:12:24,198 INFO groupCount = 0, subscriberClientCount = 0, subscriberCount = 0

2024-06-07 12:12:24,273 INFO [long-pulling] client count 0

2024-06-07 12:12:34,171 INFO toNotifyTaskSize = 0

2024-06-07 12:12:34,171 INFO toClientNotifyTaskSize = 0

2024-06-07 12:12:34,199 INFO groupCount = 0, subscriberClientCount = 0, subscriberCount = 0

2024-06-07 12:12:34,275 INFO [long-pulling] client count 0

2024-06-07 12:12:44,172 INFO toNotifyTaskSize = 0

2024-06-07 12:12:44,172 INFO toClientNotifyTaskSize = 0

2024-06-07 12:12:44,199 INFO groupCount = 0, subscriberClientCount = 0, subscriberCount = 0

2024-06-07 12:12:44,275 INFO [long-pulling] client count 0

2024-06-07 12:12:54,172 INFO toNotifyTaskSize = 0

2024-06-07 12:12:54,172 INFO toClientNotifyTaskSize = 0

2024-06-07 12:12:54,200 INFO groupCount = 0, subscriberClientCount = 0, subscriberCount = 0

2024-06-07 12:12:54,277 INFO [long-pulling] client count 0

2024-06-07 12:13:04,174 INFO toNotifyTaskSize = 0

2024-06-07 12:13:04,174 INFO toClientNotifyTaskSize = 0

2024-06-07 12:13:04,201 INFO groupCount = 0, subscriberClientCount = 0, subscriberCount = 0

2024-06-07 12:13:04,278 INFO [long-pulling] client count 0

2024-06-07 12:13:14,176 INFO toNotifyTaskSize = 0

2024-06-07 12:13:14,176 INFO toClientNotifyTaskSize = 0

2024-06-07 12:13:14,202 INFO groupCount = 0, subscriberClientCount = 0, subscriberCount = 0

2024-06-07 12:13:14,279 INFO [long-pulling] client count 0

2024-06-07 12:13:24,177 INFO toNotifyTaskSize = 0

2024-06-07 12:13:24,177 INFO toClientNotifyTaskSize = 0

2024-06-07 12:13:24,204 INFO groupCount = 0, subscriberClientCount = 0, subscriberCount = 0

2024-06-07 12:13:24,280 INFO [long-pulling] client count 0

2024-06-07 12:13:34,178 INFO toNotifyTaskSize = 0

2024-06-07 12:13:34,178 INFO toClientNotifyTaskSize = 0

2024-06-07 12:13:34,206 INFO groupCount = 0, subscriberClientCount = 0, subscriberCount = 0

2024-06-07 12:13:34,281 INFO [long-pulling] client count 0

2024-06-07 12:13:44,178 INFO toNotifyTaskSize = 0

2024-06-07 12:13:44,178 INFO toClientNotifyTaskSize = 0

2024-06-07 12:13:44,206 INFO groupCount = 0, subscriberClientCount = 0, subscriberCount = 0

2024-06-07 12:13:44,282 INFO [long-pulling] client count 0

2024-06-07 12:13:54,179 INFO toNotifyTaskSize = 0

2024-06-07 12:13:54,179 INFO toClientNotifyTaskSize = 0

2024-06-07 12:13:54,208 INFO groupCount = 0, subscriberClientCount = 0, subscriberCount = 0

2024-06-07 12:13:54,284 INFO [long-pulling] client count 0

2024-06-07 12:14:04,180 INFO toNotifyTaskSize = 0

2024-06-07 12:14:04,180 INFO toClientNotifyTaskSize = 0

2024-06-07 12:14:04,209 INFO groupCount = 0, subscriberClientCount = 0, subscriberCount = 0

2024-06-07 12:14:04,285 INFO [long-pulling] client count 0

2024-06-07 12:14:14,181 INFO toNotifyTaskSize = 0

2024-06-07 12:14:14,181 INFO toClientNotifyTaskSize = 0

2024-06-07 12:14:14,209 INFO groupCount = 0, subscriberClientCount = 0, subscriberCount = 0

2024-06-07 12:14:14,287 INFO [long-pulling] client count 0

2024-06-07 12:14:24,183 INFO toNotifyTaskSize = 0

2024-06-07 12:14:24,183 INFO toClientNotifyTaskSize = 0

2024-06-07 12:14:24,210 INFO groupCount = 0, subscriberClientCount = 0, subscriberCount = 0

2024-06-07 12:14:24,288 INFO [long-pulling] client count 0

2024-06-07 12:14:34,184 INFO toNotifyTaskSize = 0

2024-06-07 12:14:34,184 INFO toClientNotifyTaskSize = 0

2024-06-07 12:14:34,211 INFO groupCount = 0, subscriberClientCount = 0, subscriberCount = 0

2024-06-07 12:14:34,288 INFO [long-pulling] client count 0

