2024-06-07 11:36:46,460 INFO notifyConnectTimeout:200

2024-06-07 11:36:46,466 INFO notifySocketTimeout:8000

2024-06-07 11:36:46,466 INFO isHealthCheck:true

2024-06-07 11:36:46,466 INFO maxHealthCheckFailCount:12

2024-06-07 11:36:46,467 INFO maxContent:10485760

2024-06-07 11:36:51,537 INFO use local db service for init

2024-06-07 11:36:52,679 WARN Lexical error at line 4, column 66.  Encountered: <EOF> after : "".

2024-06-07 11:36:52,693 WARN Syntax error: Encountered "*" at line 1, column 1.

2024-06-07 11:36:52,784 WARN Table/View 'CONFIG_INFO' already exists in Schema 'NACOS'.

2024-06-07 11:36:52,924 WARN Table/View 'HIS_CONFIG_INFO' already exists in Schema 'NACOS'.

2024-06-07 11:36:52,979 WARN Table/View 'CONFIG_INFO_BETA' already exists in Schema 'NACOS'.

2024-06-07 11:36:53,004 WARN Table/View 'CONFIG_INFO_TAG' already exists in Schema 'NACOS'.

2024-06-07 11:36:53,038 WARN Table/View 'CONFIG_INFO_AGGR' already exists in Schema 'NACOS'.

2024-06-07 11:36:53,062 WARN Table/View 'APP_LIST' already exists in Schema 'NACOS'.

2024-06-07 11:36:53,086 WARN Table/View 'APP_CONFIGDATA_RELATION_SUBS' already exists in Schema 'NACOS'.

2024-06-07 11:36:53,109 WARN Table/View 'APP_CONFIGDATA_RELATION_PUBS' already exists in Schema 'NACOS'.

2024-06-07 11:36:53,130 WARN Table/View 'CONFIG_TAGS_RELATION' already exists in Schema 'NACOS'.

2024-06-07 11:36:53,174 WARN Table/View 'GROUP_CAPACITY' already exists in Schema 'NACOS'.

2024-06-07 11:36:53,199 WARN Table/View 'TENANT_CAPACITY' already exists in Schema 'NACOS'.

2024-06-07 11:36:53,225 WARN Table/View 'TENANT_INFO' already exists in Schema 'NACOS'.

2024-06-07 11:36:53,267 WARN Table/View 'USERS' already exists in Schema 'NACOS'.

2024-06-07 11:36:53,289 WARN Table/View 'ROLES' already exists in Schema 'NACOS'.

2024-06-07 11:36:53,312 WARN Table/View 'PERMISSIONS' already exists in Schema 'NACOS'.

2024-06-07 11:36:53,474 WARN The statement was aborted because it would have caused a duplicate key value in a unique or primary key constraint or unique index identified by 'SQL240606195208950' defined on 'USERS'.

2024-06-07 11:36:53,508 WARN The statement was aborted because it would have caused a duplicate key value in a unique or primary key constraint or unique index identified by 'UK_USERNAME_ROLE' defined on 'ROLES'.

2024-06-07 11:36:53,509 WARN Lexical error at line 4, column 13.  Encountered: "`" (96), after : "".

2024-06-07 11:36:53,510 WARN Lexical error at line 1, column 13.  Encountered: "`" (96), after : "".

2024-06-07 11:36:53,510 WARN Lexical error at line 1, column 13.  Encountered: "`" (96), after : "".

2024-06-07 11:36:53,511 WARN Lexical error at line 1, column 13.  Encountered: "`" (96), after : "".

2024-06-07 11:36:53,511 INFO use StandaloneDatabaseOperateImpl

2024-06-07 11:36:53,633 WARN DumpService start

2024-06-07 11:36:53,641 INFO start clear all config-info.

2024-06-07 11:36:53,642 WARN clear all config-info failed.

2024-06-07 11:36:53,643 WARN clear all config-info-tenant failed.

2024-06-07 11:36:53,794 INFO start clear all config-info-beta.

2024-06-07 11:36:53,794 WARN clear all config-info-beta failed.

2024-06-07 11:36:53,795 WARN clear all config-info-beta-tenant failed.

2024-06-07 11:36:53,848 INFO start clear all config-info-tag.

2024-06-07 11:36:53,849 WARN clear all config-info-tag failed.

2024-06-07 11:36:53,849 WARN clear all config-info-tag-tenant failed.

