2024-06-07 11:36:54,227 INFO Register tps control,pointName=CONFIG_PUSH_COUNT, point=com.alibaba.nacos.core.remote.control.TpsMonitorPoint@69a2b3b6 

2024-06-07 11:36:54,230 INFO Load rule from local,pointName=CONFIG_PUSH_COUNT, ruleContent= 

2024-06-07 11:36:54,230 INFO Apply tps control rule parse start,pointName=[CONFIG_PUSH_COUNT]  

2024-06-07 11:36:54,231 INFO Clear point  control rule ,pointName=[CONFIG_PUSH_COUNT]  

2024-06-07 11:36:54,231 INFO Clear point  control rule for monitorKeys, pointName=[CONFIG_PUSH_COUNT]  

2024-06-07 11:36:54,231 INFO Register tps control,pointName=CONFIG_PUSH_SUCCESS, point=com.alibaba.nacos.core.remote.control.TpsMonitorPoint@7808f638 

2024-06-07 11:36:54,232 INFO Load rule from local,pointName=CONFIG_PUSH_SUCCESS, ruleContent= 

2024-06-07 11:36:54,232 INFO Apply tps control rule parse start,pointName=[CONFIG_PUSH_SUCCESS]  

2024-06-07 11:36:54,232 INFO Clear point  control rule ,pointName=[CONFIG_PUSH_SUCCESS]  

2024-06-07 11:36:54,233 INFO Clear point  control rule for monitorKeys, pointName=[CONFIG_PUSH_SUCCESS]  

2024-06-07 11:36:54,233 INFO Register tps control,pointName=CONFIG_PUSH_FAIL, point=com.alibaba.nacos.core.remote.control.TpsMonitorPoint@62d73ead 

2024-06-07 11:36:54,233 INFO Load rule from local,pointName=CONFIG_PUSH_FAIL, ruleContent= 

2024-06-07 11:36:54,233 INFO Apply tps control rule parse start,pointName=[CONFIG_PUSH_FAIL]  

2024-06-07 11:36:54,233 INFO Clear point  control rule ,pointName=[CONFIG_PUSH_FAIL]  

2024-06-07 11:36:54,234 INFO Clear point  control rule for monitorKeys, pointName=[CONFIG_PUSH_FAIL]  

2024-06-07 11:36:59,580 INFO Register tps control,pointName=ConfigQuery, point=com.alibaba.nacos.core.remote.control.TpsMonitorPoint@6707a4bf 

2024-06-07 11:36:59,581 INFO Load rule from local,pointName=ConfigQuery, ruleContent= 

2024-06-07 11:36:59,581 INFO Apply tps control rule parse start,pointName=[ConfigQuery]  

2024-06-07 11:36:59,581 INFO Clear point  control rule ,pointName=[ConfigQuery]  

2024-06-07 11:36:59,582 INFO Clear point  control rule for monitorKeys, pointName=[ConfigQuery]  

2024-06-07 11:36:59,582 INFO Register tps control,pointName=ClusterConfigChangeNotify, point=com.alibaba.nacos.core.remote.control.TpsMonitorPoint@3fc7c734 

2024-06-07 11:36:59,582 INFO Load rule from local,pointName=ClusterConfigChangeNotify, ruleContent= 

2024-06-07 11:36:59,582 INFO Apply tps control rule parse start,pointName=[ClusterConfigChangeNotify]  

2024-06-07 11:36:59,582 INFO Clear point  control rule ,pointName=[ClusterConfigChangeNotify]  

2024-06-07 11:36:59,583 INFO Clear point  control rule for monitorKeys, pointName=[ClusterConfigChangeNotify]  

2024-06-07 11:36:59,583 INFO Register tps control,pointName=ConfigListen, point=com.alibaba.nacos.core.remote.control.TpsMonitorPoint@f0a66bd 

2024-06-07 11:36:59,583 INFO Load rule from local,pointName=ConfigListen, ruleContent= 

2024-06-07 11:36:59,583 INFO Apply tps control rule parse start,pointName=[ConfigListen]  

2024-06-07 11:36:59,583 INFO Clear point  control rule ,pointName=[ConfigListen]  

2024-06-07 11:36:59,584 INFO Clear point  control rule for monitorKeys, pointName=[ConfigListen]  

2024-06-07 11:36:59,584 INFO Register tps control,pointName=ConfigRemove, point=com.alibaba.nacos.core.remote.control.TpsMonitorPoint@460b50df 

2024-06-07 11:36:59,584 INFO Load rule from local,pointName=ConfigRemove, ruleContent= 

2024-06-07 11:36:59,585 INFO Apply tps control rule parse start,pointName=[ConfigRemove]  

2024-06-07 11:36:59,585 INFO Clear point  control rule ,pointName=[ConfigRemove]  

2024-06-07 11:36:59,585 INFO Clear point  control rule for monitorKeys, pointName=[ConfigRemove]  

2024-06-07 11:36:59,585 INFO Register tps control,pointName=ConfigPublish, point=com.alibaba.nacos.core.remote.control.TpsMonitorPoint@1cf336fd 

2024-06-07 11:36:59,586 INFO Load rule from local,pointName=ConfigPublish, ruleContent= 

2024-06-07 11:36:59,586 INFO Apply tps control rule parse start,pointName=[ConfigPublish]  

2024-06-07 11:36:59,586 INFO Clear point  control rule ,pointName=[ConfigPublish]  

2024-06-07 11:36:59,586 INFO Clear point  control rule for monitorKeys, pointName=[ConfigPublish]  

2024-06-07 11:36:59,586 INFO Register tps control,pointName=HealthCheck, point=com.alibaba.nacos.core.remote.control.TpsMonitorPoint@1d0cac30 

2024-06-07 11:36:59,587 INFO Load rule from local,pointName=HealthCheck, ruleContent= 

2024-06-07 11:36:59,588 INFO Apply tps control rule parse start,pointName=[HealthCheck]  

2024-06-07 11:36:59,588 INFO Clear point  control rule ,pointName=[HealthCheck]  

2024-06-07 11:36:59,588 INFO Clear point  control rule for monitorKeys, pointName=[HealthCheck]  

2024-06-07 12:06:04,505 INFO Register tps control,pointName=NAMING_RPC_PUSH, point=com.alibaba.nacos.core.remote.control.TpsMonitorPoint@1bd562a8 

2024-06-07 12:06:04,507 INFO Load rule from local,pointName=NAMING_RPC_PUSH, ruleContent= 

2024-06-07 12:06:04,507 INFO Apply tps control rule parse start,pointName=[NAMING_RPC_PUSH]  

2024-06-07 12:06:04,507 INFO Clear point  control rule ,pointName=[NAMING_RPC_PUSH]  

2024-06-07 12:06:04,507 INFO Clear point  control rule for monitorKeys, pointName=[NAMING_RPC_PUSH]  

2024-06-07 12:06:04,507 INFO Register tps control,pointName=NAMING_RPC_PUSH_SUCCESS, point=com.alibaba.nacos.core.remote.control.TpsMonitorPoint@56031ba5 

2024-06-07 12:06:04,508 INFO Load rule from local,pointName=NAMING_RPC_PUSH_SUCCESS, ruleContent= 

2024-06-07 12:06:04,508 INFO Apply tps control rule parse start,pointName=[NAMING_RPC_PUSH_SUCCESS]  

2024-06-07 12:06:04,508 INFO Clear point  control rule ,pointName=[NAMING_RPC_PUSH_SUCCESS]  

2024-06-07 12:06:04,508 INFO Clear point  control rule for monitorKeys, pointName=[NAMING_RPC_PUSH_SUCCESS]  

2024-06-07 12:06:04,508 INFO Register tps control,pointName=NAMING_RPC_PUSH_FAIL, point=com.alibaba.nacos.core.remote.control.TpsMonitorPoint@53e102a6 

2024-06-07 12:06:04,509 INFO Load rule from local,pointName=NAMING_RPC_PUSH_FAIL, ruleContent= 

2024-06-07 12:06:04,509 INFO Apply tps control rule parse start,pointName=[NAMING_RPC_PUSH_FAIL]  

2024-06-07 12:06:04,509 INFO Clear point  control rule ,pointName=[NAMING_RPC_PUSH_FAIL]  

2024-06-07 12:06:04,509 INFO Clear point  control rule for monitorKeys, pointName=[NAMING_RPC_PUSH_FAIL]  

2024-06-07 12:06:04,509 INFO Register tps control,pointName=NAMING_UDP_PUSH, point=com.alibaba.nacos.core.remote.control.TpsMonitorPoint@2c81f9e 

2024-06-07 12:06:04,509 INFO Load rule from local,pointName=NAMING_UDP_PUSH, ruleContent= 

2024-06-07 12:06:04,509 INFO Apply tps control rule parse start,pointName=[NAMING_UDP_PUSH]  

2024-06-07 12:06:04,509 INFO Clear point  control rule ,pointName=[NAMING_UDP_PUSH]  

2024-06-07 12:06:04,509 INFO Clear point  control rule for monitorKeys, pointName=[NAMING_UDP_PUSH]  

2024-06-07 12:06:04,509 INFO Register tps control,pointName=NAMING_UDP_PUSH_SUCCESS, point=com.alibaba.nacos.core.remote.control.TpsMonitorPoint@32b8fd4d 

2024-06-07 12:06:04,510 INFO Load rule from local,pointName=NAMING_RPC_PUSH, ruleContent= 

2024-06-07 12:06:04,510 INFO Apply tps control rule parse start,pointName=[NAMING_RPC_PUSH]  

2024-06-07 12:06:04,510 INFO Clear point  control rule ,pointName=[NAMING_RPC_PUSH]  

2024-06-07 12:06:04,510 INFO Clear point  control rule for monitorKeys, pointName=[NAMING_RPC_PUSH]  

2024-06-07 12:06:04,510 INFO Load rule from local,pointName=NAMING_RPC_PUSH_SUCCESS, ruleContent= 

2024-06-07 12:06:04,510 INFO Apply tps control rule parse start,pointName=[NAMING_RPC_PUSH_SUCCESS]  

2024-06-07 12:06:04,510 INFO Clear point  control rule ,pointName=[NAMING_RPC_PUSH_SUCCESS]  

2024-06-07 12:06:04,510 INFO Clear point  control rule for monitorKeys, pointName=[NAMING_RPC_PUSH_SUCCESS]  

2024-06-07 12:06:04,511 INFO Load rule from local,pointName=NAMING_RPC_PUSH_FAIL, ruleContent= 

2024-06-07 12:06:04,511 INFO Apply tps control rule parse start,pointName=[NAMING_RPC_PUSH_FAIL]  

2024-06-07 12:06:04,511 INFO Clear point  control rule ,pointName=[NAMING_RPC_PUSH_FAIL]  

2024-06-07 12:06:04,511 INFO Clear point  control rule for monitorKeys, pointName=[NAMING_RPC_PUSH_FAIL]  

2024-06-07 12:06:04,512 INFO Load rule from local,pointName=NAMING_UDP_PUSH_SUCCESS, ruleContent= 

2024-06-07 12:06:04,512 INFO Apply tps control rule parse start,pointName=[NAMING_UDP_PUSH_SUCCESS]  

2024-06-07 12:06:04,512 INFO Clear point  control rule ,pointName=[NAMING_UDP_PUSH_SUCCESS]  

2024-06-07 12:06:04,512 INFO Clear point  control rule for monitorKeys, pointName=[NAMING_UDP_PUSH_SUCCESS]  

2024-06-07 12:06:04,512 INFO Register tps control,pointName=NAMING_UDP_PUSH_FAIL, point=com.alibaba.nacos.core.remote.control.TpsMonitorPoint@7c28068c 

2024-06-07 12:06:04,513 INFO Load rule from local,pointName=NAMING_UDP_PUSH, ruleContent= 

2024-06-07 12:06:04,513 INFO Apply tps control rule parse start,pointName=[NAMING_UDP_PUSH]  

2024-06-07 12:06:04,513 INFO Clear point  control rule ,pointName=[NAMING_UDP_PUSH]  

2024-06-07 12:06:04,513 INFO Clear point  control rule for monitorKeys, pointName=[NAMING_UDP_PUSH]  

2024-06-07 12:06:04,514 INFO Load rule from local,pointName=NAMING_UDP_PUSH_FAIL, ruleContent= 

2024-06-07 12:06:04,514 INFO Apply tps control rule parse start,pointName=[NAMING_UDP_PUSH_FAIL]  

2024-06-07 12:06:04,514 INFO Clear point  control rule ,pointName=[NAMING_UDP_PUSH_FAIL]  

2024-06-07 12:06:04,514 INFO Clear point  control rule for monitorKeys, pointName=[NAMING_UDP_PUSH_FAIL]  

2024-06-07 12:06:04,514 INFO Register tps control,pointName=NAMING_DISTRO_SYNC, point=com.alibaba.nacos.core.remote.control.TpsMonitorPoint@2787df9d 

2024-06-07 12:06:04,514 INFO Load rule from local,pointName=NAMING_UDP_PUSH_SUCCESS, ruleContent= 

2024-06-07 12:06:04,514 INFO Apply tps control rule parse start,pointName=[NAMING_UDP_PUSH_SUCCESS]  

2024-06-07 12:06:04,514 INFO Clear point  control rule ,pointName=[NAMING_UDP_PUSH_SUCCESS]  

2024-06-07 12:06:04,514 INFO Clear point  control rule for monitorKeys, pointName=[NAMING_UDP_PUSH_SUCCESS]  

2024-06-07 12:06:04,515 INFO Load rule from local,pointName=NAMING_DISTRO_SYNC, ruleContent= 

2024-06-07 12:06:04,515 INFO Apply tps control rule parse start,pointName=[NAMING_DISTRO_SYNC]  

2024-06-07 12:06:04,515 INFO Clear point  control rule ,pointName=[NAMING_DISTRO_SYNC]  

2024-06-07 12:06:04,515 INFO Clear point  control rule for monitorKeys, pointName=[NAMING_DISTRO_SYNC]  

2024-06-07 12:06:04,515 INFO Register tps control,pointName=NAMING_DISTRO_SYNC_SUCCESS, point=com.alibaba.nacos.core.remote.control.TpsMonitorPoint@65f1101c 

2024-06-07 12:06:04,516 INFO Load rule from local,pointName=NAMING_UDP_PUSH_FAIL, ruleContent= 

2024-06-07 12:06:04,516 INFO Apply tps control rule parse start,pointName=[NAMING_UDP_PUSH_FAIL]  

2024-06-07 12:06:04,516 INFO Clear point  control rule ,pointName=[NAMING_UDP_PUSH_FAIL]  

2024-06-07 12:06:04,516 INFO Clear point  control rule for monitorKeys, pointName=[NAMING_UDP_PUSH_FAIL]  

2024-06-07 12:06:04,517 INFO Load rule from local,pointName=NAMING_DISTRO_SYNC_SUCCESS, ruleContent= 

2024-06-07 12:06:04,517 INFO Apply tps control rule parse start,pointName=[NAMING_DISTRO_SYNC_SUCCESS]  

2024-06-07 12:06:04,517 INFO Clear point  control rule ,pointName=[NAMING_DISTRO_SYNC_SUCCESS]  

2024-06-07 12:06:04,517 INFO Clear point  control rule for monitorKeys, pointName=[NAMING_DISTRO_SYNC_SUCCESS]  

2024-06-07 12:06:04,517 INFO Register tps control,pointName=NAMING_DISTRO_SYNC_FAIL, point=com.alibaba.nacos.core.remote.control.TpsMonitorPoint@10d6cb7a 

2024-06-07 12:06:04,518 INFO Load rule from local,pointName=NAMING_DISTRO_SYNC_FAIL, ruleContent= 

2024-06-07 12:06:04,518 INFO Apply tps control rule parse start,pointName=[NAMING_DISTRO_SYNC_FAIL]  

2024-06-07 12:06:04,518 INFO Clear point  control rule ,pointName=[NAMING_DISTRO_SYNC_FAIL]  

2024-06-07 12:06:04,518 INFO Clear point  control rule for monitorKeys, pointName=[NAMING_DISTRO_SYNC_FAIL]  

2024-06-07 12:06:04,518 INFO Register tps control,pointName=NAMING_DISTRO_VERIFY, point=com.alibaba.nacos.core.remote.control.TpsMonitorPoint@2c76a38a 

2024-06-07 12:06:04,518 INFO Load rule from local,pointName=NAMING_DISTRO_SYNC, ruleContent= 

2024-06-07 12:06:04,518 INFO Apply tps control rule parse start,pointName=[NAMING_DISTRO_SYNC]  

2024-06-07 12:06:04,518 INFO Clear point  control rule ,pointName=[NAMING_DISTRO_SYNC]  

2024-06-07 12:06:04,519 INFO Clear point  control rule for monitorKeys, pointName=[NAMING_DISTRO_SYNC]  

2024-06-07 12:06:04,519 INFO Load rule from local,pointName=NAMING_DISTRO_VERIFY, ruleContent= 

2024-06-07 12:06:04,519 INFO Apply tps control rule parse start,pointName=[NAMING_DISTRO_VERIFY]  

2024-06-07 12:06:04,519 INFO Clear point  control rule ,pointName=[NAMING_DISTRO_VERIFY]  

2024-06-07 12:06:04,519 INFO Clear point  control rule for monitorKeys, pointName=[NAMING_DISTRO_VERIFY]  

2024-06-07 12:06:04,519 INFO Register tps control,pointName=NAMING_DISTRO_VERIFY_SUCCESS, point=com.alibaba.nacos.core.remote.control.TpsMonitorPoint@3594eaae 

2024-06-07 12:06:04,520 INFO Load rule from local,pointName=NAMING_DISTRO_SYNC_SUCCESS, ruleContent= 

2024-06-07 12:06:04,520 INFO Apply tps control rule parse start,pointName=[NAMING_DISTRO_SYNC_SUCCESS]  

2024-06-07 12:06:04,520 INFO Clear point  control rule ,pointName=[NAMING_DISTRO_SYNC_SUCCESS]  

2024-06-07 12:06:04,520 INFO Clear point  control rule for monitorKeys, pointName=[NAMING_DISTRO_SYNC_SUCCESS]  

2024-06-07 12:06:04,520 INFO Load rule from local,pointName=NAMING_DISTRO_SYNC_FAIL, ruleContent= 

2024-06-07 12:06:04,520 INFO Apply tps control rule parse start,pointName=[NAMING_DISTRO_SYNC_FAIL]  

2024-06-07 12:06:04,520 INFO Clear point  control rule ,pointName=[NAMING_DISTRO_SYNC_FAIL]  

2024-06-07 12:06:04,520 INFO Clear point  control rule for monitorKeys, pointName=[NAMING_DISTRO_SYNC_FAIL]  

2024-06-07 12:06:04,521 INFO Load rule from local,pointName=NAMING_DISTRO_VERIFY_SUCCESS, ruleContent= 

2024-06-07 12:06:04,521 INFO Apply tps control rule parse start,pointName=[NAMING_DISTRO_VERIFY_SUCCESS]  

2024-06-07 12:06:04,521 INFO Clear point  control rule ,pointName=[NAMING_DISTRO_VERIFY_SUCCESS]  

2024-06-07 12:06:04,521 INFO Clear point  control rule for monitorKeys, pointName=[NAMING_DISTRO_VERIFY_SUCCESS]  

2024-06-07 12:06:04,521 INFO Register tps control,pointName=NAMING_DISTRO_VERIFY_FAIL, point=com.alibaba.nacos.core.remote.control.TpsMonitorPoint@58887df0 

2024-06-07 12:06:04,522 INFO Load rule from local,pointName=NAMING_DISTRO_VERIFY_FAIL, ruleContent= 

2024-06-07 12:06:04,522 INFO Apply tps control rule parse start,pointName=[NAMING_DISTRO_VERIFY_FAIL]  

2024-06-07 12:06:04,522 INFO Clear point  control rule ,pointName=[NAMING_DISTRO_VERIFY_FAIL]  

2024-06-07 12:06:04,522 INFO Clear point  control rule for monitorKeys, pointName=[NAMING_DISTRO_VERIFY_FAIL]  

2024-06-07 12:06:04,522 INFO Load rule from local,pointName=NAMING_DISTRO_VERIFY, ruleContent= 

2024-06-07 12:06:04,523 INFO Apply tps control rule parse start,pointName=[NAMING_DISTRO_VERIFY]  

2024-06-07 12:06:04,523 INFO Clear point  control rule ,pointName=[NAMING_DISTRO_VERIFY]  

2024-06-07 12:06:04,523 INFO Clear point  control rule for monitorKeys, pointName=[NAMING_DISTRO_VERIFY]  

2024-06-07 12:06:04,523 INFO Load rule from local,pointName=NAMING_DISTRO_VERIFY_SUCCESS, ruleContent= 

2024-06-07 12:06:04,523 INFO Apply tps control rule parse start,pointName=[NAMING_DISTRO_VERIFY_SUCCESS]  

2024-06-07 12:06:04,523 INFO Clear point  control rule ,pointName=[NAMING_DISTRO_VERIFY_SUCCESS]  

2024-06-07 12:06:04,523 INFO Clear point  control rule for monitorKeys, pointName=[NAMING_DISTRO_VERIFY_SUCCESS]  

2024-06-07 12:06:04,523 INFO Load rule from local,pointName=NAMING_DISTRO_VERIFY_FAIL, ruleContent= 

2024-06-07 12:06:04,523 INFO Apply tps control rule parse start,pointName=[NAMING_DISTRO_VERIFY_FAIL]  

2024-06-07 12:06:04,524 INFO Clear point  control rule ,pointName=[NAMING_DISTRO_VERIFY_FAIL]  

2024-06-07 12:06:04,524 INFO Clear point  control rule for monitorKeys, pointName=[NAMING_DISTRO_VERIFY_FAIL]  

